#2020-08-22 00:07:07: Empieza nicappcronoMaintenance
#2020-08-22 00:07:07: Fichero log: /var/www/nic-www.com/datos/web/wp-content/plugins/nicappcrono/logs/nicappcrono-log-2020-08-19.log -> 19-08-2020 23:05:44
#2020-08-22 00:07:07: Fichero log: /var/www/nic-www.com/datos/web/wp-content/plugins/nicappcrono/logs/nicappcrono-log-2020-08-20.log -> 20-08-2020 23:20:07
#2020-08-22 00:07:07: Fichero log: /var/www/nic-www.com/datos/web/wp-content/plugins/nicappcrono/logs/nicappcrono-log-2020-08-21.log -> 21-08-2020 23:07:13
#2020-08-22 00:07:07: Fichero log: /var/www/nic-www.com/datos/web/wp-content/plugins/nicappcrono/logs/nicappcrono-log-2020-08-22.log -> 22-08-2020 00:07:07
#2020-08-22 00:07:07: Finaliza nicappcronoMaintenance
#2020-08-22 00:07:07: Empieza sesion cron UpdateMasterCalendar
#2020-08-22 00:07:08: Calendario $postID: 4998
#2020-08-22 00:07:10: Calendario $postID: 4997
#2020-08-22 00:07:12: Finaliza sesion cron UpdateMasterCalendar
#2020-08-22 01:07:08: Empieza nicappcronoMaintenance
#2020-08-22 01:07:08: Fichero log: /var/www/nic-www.com/datos/web/wp-content/plugins/nicappcrono/logs/nicappcrono-log-2020-08-19.log -> 19-08-2020 23:05:44
#2020-08-22 01:07:08: Fichero log: /var/www/nic-www.com/datos/web/wp-content/plugins/nicappcrono/logs/nicappcrono-log-2020-08-20.log -> 20-08-2020 23:20:07
#2020-08-22 01:07:08: Fichero log: /var/www/nic-www.com/datos/web/wp-content/plugins/nicappcrono/logs/nicappcrono-log-2020-08-21.log -> 21-08-2020 23:07:13
#2020-08-22 01:07:08: Fichero log: /var/www/nic-www.com/datos/web/wp-content/plugins/nicappcrono/logs/nicappcrono-log-2020-08-22.log -> 22-08-2020 01:07:08
#2020-08-22 01:07:08: Finaliza nicappcronoMaintenance
#2020-08-22 01:07:08: Empieza sesion cron UpdateMasterCalendar
#2020-08-22 01:07:10: Calendario $postID: 4998
#2020-08-22 01:07:11: Calendario $postID: 4997
#2020-08-22 01:07:14: Finaliza sesion cron UpdateMasterCalendar
#2020-08-22 02:20:06: Empieza nicappcronoMaintenance
#2020-08-22 02:20:06: Fichero log: /var/www/nic-www.com/datos/web/wp-content/plugins/nicappcrono/logs/nicappcrono-log-2020-08-19.log -> 19-08-2020 23:05:44
#2020-08-22 02:20:06: Fichero log: /var/www/nic-www.com/datos/web/wp-content/plugins/nicappcrono/logs/nicappcrono-log-2020-08-20.log -> 20-08-2020 23:20:07
#2020-08-22 02:20:06: Fichero log: /var/www/nic-www.com/datos/web/wp-content/plugins/nicappcrono/logs/nicappcrono-log-2020-08-21.log -> 21-08-2020 23:07:13
#2020-08-22 02:20:06: Fichero log: /var/www/nic-www.com/datos/web/wp-content/plugins/nicappcrono/logs/nicappcrono-log-2020-08-22.log -> 22-08-2020 02:20:06
#2020-08-22 02:20:06: Finaliza nicappcronoMaintenance
#2020-08-22 02:20:06: Empieza sesion cron UpdateMasterCalendar
#2020-08-22 02:20:07: Calendario $postID: 4997
#2020-08-22 02:20:10: Calendario $postID: 4998
#2020-08-22 02:20:12: Finaliza sesion cron UpdateMasterCalendar
#2020-08-22 03:20:04: Empieza nicappcronoMaintenance
#2020-08-22 03:20:04: Fichero log: /var/www/nic-www.com/datos/web/wp-content/plugins/nicappcrono/logs/nicappcrono-log-2020-08-19.log -> 19-08-2020 23:05:44
#2020-08-22 03:20:04: Fichero log: /var/www/nic-www.com/datos/web/wp-content/plugins/nicappcrono/logs/nicappcrono-log-2020-08-20.log -> 20-08-2020 23:20:07
#2020-08-22 03:20:04: Fichero log: /var/www/nic-www.com/datos/web/wp-content/plugins/nicappcrono/logs/nicappcrono-log-2020-08-21.log -> 21-08-2020 23:07:13
#2020-08-22 03:20:04: Fichero log: /var/www/nic-www.com/datos/web/wp-content/plugins/nicappcrono/logs/nicappcrono-log-2020-08-22.log -> 22-08-2020 03:20:04
#2020-08-22 03:20:04: Finaliza nicappcronoMaintenance
#2020-08-22 03:20:04: Empieza sesion cron UpdateMasterCalendar
#2020-08-22 03:20:05: Calendario $postID: 4997
#2020-08-22 03:20:08: Calendario $postID: 4998
#2020-08-22 03:20:10: Finaliza sesion cron UpdateMasterCalendar
#2020-08-22 04:20:04: Empieza nicappcronoMaintenance
#2020-08-22 04:20:04: Fichero log: /var/www/nic-www.com/datos/web/wp-content/plugins/nicappcrono/logs/nicappcrono-log-2020-08-19.log -> 19-08-2020 23:05:44
#2020-08-22 04:20:04: Fichero log: /var/www/nic-www.com/datos/web/wp-content/plugins/nicappcrono/logs/nicappcrono-log-2020-08-20.log -> 20-08-2020 23:20:07
#2020-08-22 04:20:04: Fichero log: /var/www/nic-www.com/datos/web/wp-content/plugins/nicappcrono/logs/nicappcrono-log-2020-08-21.log -> 21-08-2020 23:07:13
#2020-08-22 04:20:04: Fichero log: /var/www/nic-www.com/datos/web/wp-content/plugins/nicappcrono/logs/nicappcrono-log-2020-08-22.log -> 22-08-2020 04:20:04
#2020-08-22 04:20:04: Finaliza nicappcronoMaintenance
#2020-08-22 04:20:04: Empieza sesion cron UpdateMasterCalendar
#2020-08-22 04:20:05: Calendario $postID: 4998
#2020-08-22 04:20:07: Calendario $postID: 4997
#2020-08-22 04:20:09: Finaliza sesion cron UpdateMasterCalendar
#2020-08-22 05:18:37: Empieza nicappcronoMaintenance
#2020-08-22 05:18:37: Fichero log: /var/www/nic-www.com/datos/web/wp-content/plugins/nicappcrono/logs/nicappcrono-log-2020-08-19.log -> 19-08-2020 23:05:44
#2020-08-22 05:18:37: Fichero log: /var/www/nic-www.com/datos/web/wp-content/plugins/nicappcrono/logs/nicappcrono-log-2020-08-20.log -> 20-08-2020 23:20:07
#2020-08-22 05:18:37: Fichero log: /var/www/nic-www.com/datos/web/wp-content/plugins/nicappcrono/logs/nicappcrono-log-2020-08-21.log -> 21-08-2020 23:07:13
#2020-08-22 05:18:37: Fichero log: /var/www/nic-www.com/datos/web/wp-content/plugins/nicappcrono/logs/nicappcrono-log-2020-08-22.log -> 22-08-2020 05:18:37
#2020-08-22 05:18:37: Finaliza nicappcronoMaintenance
#2020-08-22 05:18:37: Empieza sesion cron UpdateMasterCalendar
#2020-08-22 05:18:38: Calendario $postID: 4997
#2020-08-22 05:18:41: Calendario $postID: 4998
#2020-08-22 05:18:43: Finaliza sesion cron UpdateMasterCalendar
#2020-08-22 06:06:40: Empieza nicappcronoMaintenance
#2020-08-22 06:06:40: Fichero log: /var/www/nic-www.com/datos/web/wp-content/plugins/nicappcrono/logs/nicappcrono-log-2020-08-19.log -> 19-08-2020 23:05:44
#2020-08-22 06:06:40: Fichero log: /var/www/nic-www.com/datos/web/wp-content/plugins/nicappcrono/logs/nicappcrono-log-2020-08-20.log -> 20-08-2020 23:20:07
#2020-08-22 06:06:40: Fichero log: /var/www/nic-www.com/datos/web/wp-content/plugins/nicappcrono/logs/nicappcrono-log-2020-08-21.log -> 21-08-2020 23:07:13
#2020-08-22 06:06:40: Fichero log: /var/www/nic-www.com/datos/web/wp-content/plugins/nicappcrono/logs/nicappcrono-log-2020-08-22.log -> 22-08-2020 06:06:40
#2020-08-22 06:06:40: Finaliza nicappcronoMaintenance
#2020-08-22 06:06:40: Empieza sesion cron UpdateMasterCalendar
#2020-08-22 06:06:41: Calendario $postID: 4997
#2020-08-22 06:06:44: Calendario $postID: 4998
#2020-08-22 06:06:45: Finaliza sesion cron UpdateMasterCalendar
#2020-08-22 07:19:56: Empieza nicappcronoMaintenance
#2020-08-22 07:19:56: Fichero log: /var/www/nic-www.com/datos/web/wp-content/plugins/nicappcrono/logs/nicappcrono-log-2020-08-19.log -> 19-08-2020 23:05:44
#2020-08-22 07:19:56: Fichero log: /var/www/nic-www.com/datos/web/wp-content/plugins/nicappcrono/logs/nicappcrono-log-2020-08-20.log -> 20-08-2020 23:20:07
#2020-08-22 07:19:56: Fichero log: /var/www/nic-www.com/datos/web/wp-content/plugins/nicappcrono/logs/nicappcrono-log-2020-08-21.log -> 21-08-2020 23:07:13
#2020-08-22 07:19:56: Fichero log: /var/www/nic-www.com/datos/web/wp-content/plugins/nicappcrono/logs/nicappcrono-log-2020-08-22.log -> 22-08-2020 07:19:56
#2020-08-22 07:19:56: Finaliza nicappcronoMaintenance
#2020-08-22 07:19:56: Empieza sesion cron UpdateMasterCalendar
#2020-08-22 07:19:57: Calendario $postID: 4997
#2020-08-22 07:20:00: Calendario $postID: 4998
#2020-08-22 07:20:02: Finaliza sesion cron UpdateMasterCalendar
#2020-08-22 08:12:43: Empieza nicappcronoMaintenance
#2020-08-22 08:12:43: Fichero log: /var/www/nic-www.com/datos/web/wp-content/plugins/nicappcrono/logs/nicappcrono-log-2020-08-19.log -> 19-08-2020 23:05:44
#2020-08-22 08:12:43: Fichero log: /var/www/nic-www.com/datos/web/wp-content/plugins/nicappcrono/logs/nicappcrono-log-2020-08-20.log -> 20-08-2020 23:20:07
#2020-08-22 08:12:43: Fichero log: /var/www/nic-www.com/datos/web/wp-content/plugins/nicappcrono/logs/nicappcrono-log-2020-08-21.log -> 21-08-2020 23:07:13
#2020-08-22 08:12:43: Fichero log: /var/www/nic-www.com/datos/web/wp-content/plugins/nicappcrono/logs/nicappcrono-log-2020-08-22.log -> 22-08-2020 08:12:43
#2020-08-22 08:12:43: Finaliza nicappcronoMaintenance
#2020-08-22 08:12:43: Empieza sesion cron UpdateMasterCalendar
#2020-08-22 08:12:44: Calendario $postID: 4997
#2020-08-22 08:12:47: Calendario $postID: 4998
#2020-08-22 08:12:49: Finaliza sesion cron UpdateMasterCalendar
#2020-08-22 09:09:20: Empieza nicappcronoMaintenance
#2020-08-22 09:09:20: Fichero log: /var/www/nic-www.com/datos/web/wp-content/plugins/nicappcrono/logs/nicappcrono-log-2020-08-19.log -> 19-08-2020 23:05:44
#2020-08-22 09:09:20: Fichero log: /var/www/nic-www.com/datos/web/wp-content/plugins/nicappcrono/logs/nicappcrono-log-2020-08-20.log -> 20-08-2020 23:20:07
#2020-08-22 09:09:20: Fichero log: /var/www/nic-www.com/datos/web/wp-content/plugins/nicappcrono/logs/nicappcrono-log-2020-08-21.log -> 21-08-2020 23:07:13
#2020-08-22 09:09:20: Fichero log: /var/www/nic-www.com/datos/web/wp-content/plugins/nicappcrono/logs/nicappcrono-log-2020-08-22.log -> 22-08-2020 09:09:20
#2020-08-22 09:09:20: Finaliza nicappcronoMaintenance
#2020-08-22 09:09:20: Empieza sesion cron UpdateMasterCalendar
#2020-08-22 09:09:21: Calendario $postID: 4997
#2020-08-22 09:09:24: Calendario $postID: 4998
#2020-08-22 09:09:26: Finaliza sesion cron UpdateMasterCalendar
#2020-08-22 10:06:26: Empieza nicappcronoMaintenance
#2020-08-22 10:06:26: Fichero log: /var/www/nic-www.com/datos/web/wp-content/plugins/nicappcrono/logs/nicappcrono-log-2020-08-19.log -> 19-08-2020 23:05:44
#2020-08-22 10:06:26: Fichero log: /var/www/nic-www.com/datos/web/wp-content/plugins/nicappcrono/logs/nicappcrono-log-2020-08-20.log -> 20-08-2020 23:20:07
#2020-08-22 10:06:26: Fichero log: /var/www/nic-www.com/datos/web/wp-content/plugins/nicappcrono/logs/nicappcrono-log-2020-08-21.log -> 21-08-2020 23:07:13
#2020-08-22 10:06:26: Fichero log: /var/www/nic-www.com/datos/web/wp-content/plugins/nicappcrono/logs/nicappcrono-log-2020-08-22.log -> 22-08-2020 10:06:26
#2020-08-22 10:06:26: Finaliza nicappcronoMaintenance
#2020-08-22 10:06:26: Empieza sesion cron UpdateMasterCalendar
#2020-08-22 10:06:27: Calendario $postID: 4997
#2020-08-22 10:06:29: Calendario $postID: 4998
#2020-08-22 10:06:31: Finaliza sesion cron UpdateMasterCalendar
#2020-08-22 11:12:40: Empieza nicappcronoMaintenance
#2020-08-22 11:12:40: Fichero log: /var/www/nic-www.com/datos/web/wp-content/plugins/nicappcrono/logs/nicappcrono-log-2020-08-19.log -> 19-08-2020 23:05:44
#2020-08-22 11:12:40: Fichero log: /var/www/nic-www.com/datos/web/wp-content/plugins/nicappcrono/logs/nicappcrono-log-2020-08-20.log -> 20-08-2020 23:20:07
#2020-08-22 11:12:40: Fichero log: /var/www/nic-www.com/datos/web/wp-content/plugins/nicappcrono/logs/nicappcrono-log-2020-08-21.log -> 21-08-2020 23:07:13
#2020-08-22 11:12:40: Fichero log: /var/www/nic-www.com/datos/web/wp-content/plugins/nicappcrono/logs/nicappcrono-log-2020-08-22.log -> 22-08-2020 11:12:40
#2020-08-22 11:12:40: Finaliza nicappcronoMaintenance
#2020-08-22 11:12:40: Empieza sesion cron UpdateMasterCalendar
#2020-08-22 11:12:41: Calendario $postID: 4998
#2020-08-22 11:12:43: Calendario $postID: 4997
#2020-08-22 11:12:46: Finaliza sesion cron UpdateMasterCalendar
#2020-08-22 12:13:03: Empieza nicappcronoMaintenance
#2020-08-22 12:13:03: Fichero log: /var/www/nic-www.com/datos/web/wp-content/plugins/nicappcrono/logs/nicappcrono-log-2020-08-19.log -> 19-08-2020 23:05:44
#2020-08-22 12:13:03: Fichero log: /var/www/nic-www.com/datos/web/wp-content/plugins/nicappcrono/logs/nicappcrono-log-2020-08-20.log -> 20-08-2020 23:20:07
#2020-08-22 12:13:03: Fichero log: /var/www/nic-www.com/datos/web/wp-content/plugins/nicappcrono/logs/nicappcrono-log-2020-08-21.log -> 21-08-2020 23:07:13
#2020-08-22 12:13:03: Fichero log: /var/www/nic-www.com/datos/web/wp-content/plugins/nicappcrono/logs/nicappcrono-log-2020-08-22.log -> 22-08-2020 12:13:03
#2020-08-22 12:13:03: Finaliza nicappcronoMaintenance
#2020-08-22 12:13:03: Empieza sesion cron UpdateMasterCalendar
#2020-08-22 12:13:04: Calendario $postID: 4997
#2020-08-22 12:13:07: Calendario $postID: 4998
#2020-08-22 12:13:09: Finaliza sesion cron UpdateMasterCalendar
#2020-08-22 13:20:04: Empieza nicappcronoMaintenance
#2020-08-22 13:20:04: Fichero log: /var/www/nic-www.com/datos/web/wp-content/plugins/nicappcrono/logs/nicappcrono-log-2020-08-19.log -> 19-08-2020 23:05:44
#2020-08-22 13:20:04: Fichero log: /var/www/nic-www.com/datos/web/wp-content/plugins/nicappcrono/logs/nicappcrono-log-2020-08-20.log -> 20-08-2020 23:20:07
#2020-08-22 13:20:04: Fichero log: /var/www/nic-www.com/datos/web/wp-content/plugins/nicappcrono/logs/nicappcrono-log-2020-08-21.log -> 21-08-2020 23:07:13
#2020-08-22 13:20:04: Fichero log: /var/www/nic-www.com/datos/web/wp-content/plugins/nicappcrono/logs/nicappcrono-log-2020-08-22.log -> 22-08-2020 13:20:04
#2020-08-22 13:20:04: Finaliza nicappcronoMaintenance
#2020-08-22 13:20:04: Empieza sesion cron UpdateMasterCalendar
#2020-08-22 13:20:05: Calendario $postID: 4997
#2020-08-22 13:20:08: Calendario $postID: 4998
#2020-08-22 13:20:10: Finaliza sesion cron UpdateMasterCalendar
#2020-08-22 14:20:04: Empieza nicappcronoMaintenance
#2020-08-22 14:20:04: Fichero log: /var/www/nic-www.com/datos/web/wp-content/plugins/nicappcrono/logs/nicappcrono-log-2020-08-19.log -> 19-08-2020 23:05:44
#2020-08-22 14:20:04: Fichero log: /var/www/nic-www.com/datos/web/wp-content/plugins/nicappcrono/logs/nicappcrono-log-2020-08-20.log -> 20-08-2020 23:20:07
#2020-08-22 14:20:04: Fichero log: /var/www/nic-www.com/datos/web/wp-content/plugins/nicappcrono/logs/nicappcrono-log-2020-08-21.log -> 21-08-2020 23:07:13
#2020-08-22 14:20:04: Fichero log: /var/www/nic-www.com/datos/web/wp-content/plugins/nicappcrono/logs/nicappcrono-log-2020-08-22.log -> 22-08-2020 14:20:04
#2020-08-22 14:20:04: Finaliza nicappcronoMaintenance
#2020-08-22 14:20:04: Empieza sesion cron UpdateMasterCalendar
#2020-08-22 14:20:05: Calendario $postID: 4998
#2020-08-22 14:20:07: Calendario $postID: 4997
#2020-08-22 14:20:10: Finaliza sesion cron UpdateMasterCalendar
#2020-08-22 15:20:04: Empieza nicappcronoMaintenance
#2020-08-22 15:20:04: Fichero log: /var/www/nic-www.com/datos/web/wp-content/plugins/nicappcrono/logs/nicappcrono-log-2020-08-19.log -> 19-08-2020 23:05:44
#2020-08-22 15:20:04: Fichero log: /var/www/nic-www.com/datos/web/wp-content/plugins/nicappcrono/logs/nicappcrono-log-2020-08-20.log -> 20-08-2020 23:20:07
#2020-08-22 15:20:04: Fichero log: /var/www/nic-www.com/datos/web/wp-content/plugins/nicappcrono/logs/nicappcrono-log-2020-08-21.log -> 21-08-2020 23:07:13
#2020-08-22 15:20:04: Fichero log: /var/www/nic-www.com/datos/web/wp-content/plugins/nicappcrono/logs/nicappcrono-log-2020-08-22.log -> 22-08-2020 15:20:04
#2020-08-22 15:20:04: Finaliza nicappcronoMaintenance
#2020-08-22 15:20:04: Empieza sesion cron UpdateMasterCalendar
#2020-08-22 15:20:05: Calendario $postID: 4998
#2020-08-22 15:20:07: Calendario $postID: 4997
#2020-08-22 15:20:10: Finaliza sesion cron UpdateMasterCalendar
#2020-08-22 16:08:59: Empieza nicappcronoMaintenance
#2020-08-22 16:08:59: Fichero log: /var/www/nic-www.com/datos/web/wp-content/plugins/nicappcrono/logs/nicappcrono-log-2020-08-19.log -> 19-08-2020 23:05:44
#2020-08-22 16:08:59: Fichero log: /var/www/nic-www.com/datos/web/wp-content/plugins/nicappcrono/logs/nicappcrono-log-2020-08-20.log -> 20-08-2020 23:20:07
#2020-08-22 16:08:59: Fichero log: /var/www/nic-www.com/datos/web/wp-content/plugins/nicappcrono/logs/nicappcrono-log-2020-08-21.log -> 21-08-2020 23:07:13
#2020-08-22 16:08:59: Fichero log: /var/www/nic-www.com/datos/web/wp-content/plugins/nicappcrono/logs/nicappcrono-log-2020-08-22.log -> 22-08-2020 16:08:59
#2020-08-22 16:08:59: Finaliza nicappcronoMaintenance
#2020-08-22 16:08:59: Empieza sesion cron UpdateMasterCalendar
#2020-08-22 16:09:00: Calendario $postID: 4998
#2020-08-22 16:09:02: Calendario $postID: 4997
#2020-08-22 16:09:05: Finaliza sesion cron UpdateMasterCalendar
#2020-08-22 17:14:16: Empieza nicappcronoMaintenance
#2020-08-22 17:14:16: Fichero log: /var/www/nic-www.com/datos/web/wp-content/plugins/nicappcrono/logs/nicappcrono-log-2020-08-19.log -> 19-08-2020 23:05:44
#2020-08-22 17:14:16: Fichero log: /var/www/nic-www.com/datos/web/wp-content/plugins/nicappcrono/logs/nicappcrono-log-2020-08-20.log -> 20-08-2020 23:20:07
#2020-08-22 17:14:16: Fichero log: /var/www/nic-www.com/datos/web/wp-content/plugins/nicappcrono/logs/nicappcrono-log-2020-08-21.log -> 21-08-2020 23:07:13
#2020-08-22 17:14:16: Fichero log: /var/www/nic-www.com/datos/web/wp-content/plugins/nicappcrono/logs/nicappcrono-log-2020-08-22.log -> 22-08-2020 17:14:16
#2020-08-22 17:14:16: Finaliza nicappcronoMaintenance
#2020-08-22 17:14:16: Empieza sesion cron UpdateMasterCalendar
#2020-08-22 17:14:17: Calendario $postID: 4997
#2020-08-22 17:14:20: Calendario $postID: 4998
#2020-08-22 17:14:22: Finaliza sesion cron UpdateMasterCalendar
#2020-08-22 18:11:29: Empieza nicappcronoMaintenance
#2020-08-22 18:11:29: Fichero log: /var/www/nic-www.com/datos/web/wp-content/plugins/nicappcrono/logs/nicappcrono-log-2020-08-19.log -> 19-08-2020 23:05:44
#2020-08-22 18:11:29: Fichero log: /var/www/nic-www.com/datos/web/wp-content/plugins/nicappcrono/logs/nicappcrono-log-2020-08-20.log -> 20-08-2020 23:20:07
#2020-08-22 18:11:29: Fichero log: /var/www/nic-www.com/datos/web/wp-content/plugins/nicappcrono/logs/nicappcrono-log-2020-08-21.log -> 21-08-2020 23:07:13
#2020-08-22 18:11:29: Fichero log: /var/www/nic-www.com/datos/web/wp-content/plugins/nicappcrono/logs/nicappcrono-log-2020-08-22.log -> 22-08-2020 18:11:29
#2020-08-22 18:11:29: Finaliza nicappcronoMaintenance
#2020-08-22 18:11:29: Empieza sesion cron UpdateMasterCalendar
#2020-08-22 18:11:30: Calendario $postID: 4997
#2020-08-22 18:11:33: Calendario $postID: 4998
#2020-08-22 18:11:34: Finaliza sesion cron UpdateMasterCalendar
#2020-08-22 19:20:07: Empieza nicappcronoMaintenance
#2020-08-22 19:20:07: Fichero log: /var/www/nic-www.com/datos/web/wp-content/plugins/nicappcrono/logs/nicappcrono-log-2020-08-19.log -> 19-08-2020 23:05:44
#2020-08-22 19:20:07: Fichero log: /var/www/nic-www.com/datos/web/wp-content/plugins/nicappcrono/logs/nicappcrono-log-2020-08-20.log -> 20-08-2020 23:20:07
#2020-08-22 19:20:07: Fichero log: /var/www/nic-www.com/datos/web/wp-content/plugins/nicappcrono/logs/nicappcrono-log-2020-08-21.log -> 21-08-2020 23:07:13
#2020-08-22 19:20:07: Fichero log: /var/www/nic-www.com/datos/web/wp-content/plugins/nicappcrono/logs/nicappcrono-log-2020-08-22.log -> 22-08-2020 19:20:07
#2020-08-22 19:20:07: Finaliza nicappcronoMaintenance
#2020-08-22 19:20:07: Empieza sesion cron UpdateMasterCalendar
#2020-08-22 19:20:08: Calendario $postID: 4998
#2020-08-22 19:20:09: Calendario $postID: 4997
#2020-08-22 19:20:12: Finaliza sesion cron UpdateMasterCalendar
#2020-08-22 20:06:28: Empieza nicappcronoMaintenance
#2020-08-22 20:06:28: Fichero log: /var/www/nic-www.com/datos/web/wp-content/plugins/nicappcrono/logs/nicappcrono-log-2020-08-19.log -> 19-08-2020 23:05:44
#2020-08-22 20:06:28: Fichero log: /var/www/nic-www.com/datos/web/wp-content/plugins/nicappcrono/logs/nicappcrono-log-2020-08-20.log -> 20-08-2020 23:20:07
#2020-08-22 20:06:28: Fichero log: /var/www/nic-www.com/datos/web/wp-content/plugins/nicappcrono/logs/nicappcrono-log-2020-08-21.log -> 21-08-2020 23:07:13
#2020-08-22 20:06:28: Fichero log: /var/www/nic-www.com/datos/web/wp-content/plugins/nicappcrono/logs/nicappcrono-log-2020-08-22.log -> 22-08-2020 20:06:28
#2020-08-22 20:06:28: Finaliza nicappcronoMaintenance
#2020-08-22 20:06:28: Empieza sesion cron UpdateMasterCalendar
#2020-08-22 20:06:30: Calendario $postID: 4997
#2020-08-22 20:06:32: Calendario $postID: 4998
#2020-08-22 20:06:34: Finaliza sesion cron UpdateMasterCalendar
#2020-08-22 21:08:51: Empieza nicappcronoMaintenance
#2020-08-22 21:08:51: Fichero log: /var/www/nic-www.com/datos/web/wp-content/plugins/nicappcrono/logs/nicappcrono-log-2020-08-19.log -> 19-08-2020 23:05:44
#2020-08-22 21:08:51: Fichero log: /var/www/nic-www.com/datos/web/wp-content/plugins/nicappcrono/logs/nicappcrono-log-2020-08-20.log -> 20-08-2020 23:20:07
#2020-08-22 21:08:51: Fichero log: /var/www/nic-www.com/datos/web/wp-content/plugins/nicappcrono/logs/nicappcrono-log-2020-08-21.log -> 21-08-2020 23:07:13
#2020-08-22 21:08:51: Fichero log: /var/www/nic-www.com/datos/web/wp-content/plugins/nicappcrono/logs/nicappcrono-log-2020-08-22.log -> 22-08-2020 21:08:51
#2020-08-22 21:08:51: Finaliza nicappcronoMaintenance
#2020-08-22 21:08:51: Empieza sesion cron UpdateMasterCalendar
#2020-08-22 21:08:51: Calendario $postID: 4998
#2020-08-22 21:08:53: Calendario $postID: 4997
#2020-08-22 21:08:56: Finaliza sesion cron UpdateMasterCalendar
#2020-08-22 22:19:47: Empieza nicappcronoMaintenance
#2020-08-22 22:19:47: Fichero log: /var/www/nic-www.com/datos/web/wp-content/plugins/nicappcrono/logs/nicappcrono-log-2020-08-19.log -> 19-08-2020 23:05:44
#2020-08-22 22:19:47: Fichero log: /var/www/nic-www.com/datos/web/wp-content/plugins/nicappcrono/logs/nicappcrono-log-2020-08-20.log -> 20-08-2020 23:20:07
#2020-08-22 22:19:47: Fichero log: /var/www/nic-www.com/datos/web/wp-content/plugins/nicappcrono/logs/nicappcrono-log-2020-08-21.log -> 21-08-2020 23:07:13
#2020-08-22 22:19:47: Fichero log: /var/www/nic-www.com/datos/web/wp-content/plugins/nicappcrono/logs/nicappcrono-log-2020-08-22.log -> 22-08-2020 22:19:47
#2020-08-22 22:19:47: Finaliza nicappcronoMaintenance
#2020-08-22 22:19:47: Empieza sesion cron UpdateMasterCalendar
#2020-08-22 22:19:48: Calendario $postID: 4998
#2020-08-22 22:19:49: Calendario $postID: 4997
#2020-08-22 22:19:52: Finaliza sesion cron UpdateMasterCalendar
#2020-08-22 23:17:50: Empieza nicappcronoMaintenance
#2020-08-22 23:17:50: Fichero log: /var/www/nic-www.com/datos/web/wp-content/plugins/nicappcrono/logs/nicappcrono-log-2020-08-19.log -> 19-08-2020 23:05:44
#2020-08-22 23:17:50: Fichero log: /var/www/nic-www.com/datos/web/wp-content/plugins/nicappcrono/logs/nicappcrono-log-2020-08-20.log -> 20-08-2020 23:20:07
#2020-08-22 23:17:50: Fichero log: /var/www/nic-www.com/datos/web/wp-content/plugins/nicappcrono/logs/nicappcrono-log-2020-08-21.log -> 21-08-2020 23:07:13
#2020-08-22 23:17:50: Fichero log: /var/www/nic-www.com/datos/web/wp-content/plugins/nicappcrono/logs/nicappcrono-log-2020-08-22.log -> 22-08-2020 23:17:50
#2020-08-22 23:17:50: Finaliza nicappcronoMaintenance
#2020-08-22 23:17:50: Empieza sesion cron UpdateMasterCalendar
#2020-08-22 23:17:51: Calendario $postID: 4997
#2020-08-22 23:17:54: Calendario $postID: 4998
#2020-08-22 23:17:56: Finaliza sesion cron UpdateMasterCalendar
