#2020-08-27 00:20:05: nicappcronoMaintenance begins
#2020-08-27 00:20:05: Logfile: /var/www/nic-www.com/datos/web/wp-content/plugins/nicappcrono/logs/nicappcrono-log-2020-08-20.log -> 20-08-2020 23:20:07
#2020-08-27 00:20:05: Logfile: /var/www/nic-www.com/datos/web/wp-content/plugins/nicappcrono/logs/nicappcrono-log-2020-08-21.log -> 21-08-2020 23:07:13
#2020-08-27 00:20:05: Logfile: /var/www/nic-www.com/datos/web/wp-content/plugins/nicappcrono/logs/nicappcrono-log-2020-08-22.log -> 22-08-2020 23:17:56
#2020-08-27 00:20:05: Logfile: /var/www/nic-www.com/datos/web/wp-content/plugins/nicappcrono/logs/nicappcrono-log-2020-08-23.log -> 23-08-2020 23:20:09
#2020-08-27 00:20:05: Logfile: /var/www/nic-www.com/datos/web/wp-content/plugins/nicappcrono/logs/nicappcrono-log-2020-08-24.log -> 24-08-2020 23:20:09
#2020-08-27 00:20:05: Logfile: /var/www/nic-www.com/datos/web/wp-content/plugins/nicappcrono/logs/nicappcrono-log-2020-08-25.log -> 25-08-2020 23:07:44
#2020-08-27 00:20:05: Logfile: /var/www/nic-www.com/datos/web/wp-content/plugins/nicappcrono/logs/nicappcrono-log-2020-08-26.log -> 26-08-2020 23:20:11
#2020-08-27 00:20:05: Logfile: /var/www/nic-www.com/datos/web/wp-content/plugins/nicappcrono/logs/nicappcrono-log-2020-08-27.log -> 27-08-2020 00:20:05
#2020-08-27 00:20:05: nicappcronoMaintenance ends
#2020-08-27 00:20:05: ---
#2020-08-27 00:20:05: UpdateMasterCalendar Start Cron Session
#2020-08-27 00:20:06: Calendar $postID: 4998
#2020-08-27 00:20:09: UpdateEvent event updated nicappcrono.4998.2020-09-11T10:00:00Z.2020-09-11T10:50:00Z
#2020-08-27 00:20:09: Calendar $postID: 4997
#2020-08-27 00:20:11: UpdateEvent event updated nicappcrono.4997.2020-09-12T10:00:00Z.2020-09-12T10:50:00Z
#2020-08-27 00:20:11: UpdateMasterCalendar End Cron Session
#2020-08-27 00:20:11: ---
#2020-08-27 01:12:21: nicappcronoMaintenance begins
#2020-08-27 01:12:21: Logfile: /var/www/nic-www.com/datos/web/wp-content/plugins/nicappcrono/logs/nicappcrono-log-2020-08-20.log -> 20-08-2020 23:20:07
#2020-08-27 01:12:21: Logfile: /var/www/nic-www.com/datos/web/wp-content/plugins/nicappcrono/logs/nicappcrono-log-2020-08-21.log -> 21-08-2020 23:07:13
#2020-08-27 01:12:21: Logfile: /var/www/nic-www.com/datos/web/wp-content/plugins/nicappcrono/logs/nicappcrono-log-2020-08-22.log -> 22-08-2020 23:17:56
#2020-08-27 01:12:21: Logfile: /var/www/nic-www.com/datos/web/wp-content/plugins/nicappcrono/logs/nicappcrono-log-2020-08-23.log -> 23-08-2020 23:20:09
#2020-08-27 01:12:21: Logfile: /var/www/nic-www.com/datos/web/wp-content/plugins/nicappcrono/logs/nicappcrono-log-2020-08-24.log -> 24-08-2020 23:20:09
#2020-08-27 01:12:21: Logfile: /var/www/nic-www.com/datos/web/wp-content/plugins/nicappcrono/logs/nicappcrono-log-2020-08-25.log -> 25-08-2020 23:07:44
#2020-08-27 01:12:21: Logfile: /var/www/nic-www.com/datos/web/wp-content/plugins/nicappcrono/logs/nicappcrono-log-2020-08-26.log -> 26-08-2020 23:20:11
#2020-08-27 01:12:21: Logfile: /var/www/nic-www.com/datos/web/wp-content/plugins/nicappcrono/logs/nicappcrono-log-2020-08-27.log -> 27-08-2020 01:12:21
#2020-08-27 01:12:21: nicappcronoMaintenance ends
#2020-08-27 01:12:21: ---
#2020-08-27 01:12:21: UpdateMasterCalendar Start Cron Session
#2020-08-27 01:12:22: Calendar $postID: 4997
#2020-08-27 01:12:24: UpdateEvent event updated nicappcrono.4997.2020-09-12T10:00:00Z.2020-09-12T10:50:00Z
#2020-08-27 01:12:24: Calendar $postID: 4998
#2020-08-27 01:12:26: UpdateEvent event updated nicappcrono.4998.2020-09-11T10:00:00Z.2020-09-11T10:50:00Z
#2020-08-27 01:12:26: UpdateMasterCalendar End Cron Session
#2020-08-27 01:12:26: ---
#2020-08-27 02:15:13: nicappcronoMaintenance begins
#2020-08-27 02:15:13: Logfile: /var/www/nic-www.com/datos/web/wp-content/plugins/nicappcrono/logs/nicappcrono-log-2020-08-20.log -> 20-08-2020 23:20:07
#2020-08-27 02:15:13: Logfile: /var/www/nic-www.com/datos/web/wp-content/plugins/nicappcrono/logs/nicappcrono-log-2020-08-21.log -> 21-08-2020 23:07:13
#2020-08-27 02:15:13: Logfile: /var/www/nic-www.com/datos/web/wp-content/plugins/nicappcrono/logs/nicappcrono-log-2020-08-22.log -> 22-08-2020 23:17:56
#2020-08-27 02:15:13: Logfile: /var/www/nic-www.com/datos/web/wp-content/plugins/nicappcrono/logs/nicappcrono-log-2020-08-23.log -> 23-08-2020 23:20:09
#2020-08-27 02:15:13: Logfile: /var/www/nic-www.com/datos/web/wp-content/plugins/nicappcrono/logs/nicappcrono-log-2020-08-24.log -> 24-08-2020 23:20:09
#2020-08-27 02:15:13: Logfile: /var/www/nic-www.com/datos/web/wp-content/plugins/nicappcrono/logs/nicappcrono-log-2020-08-25.log -> 25-08-2020 23:07:44
#2020-08-27 02:15:13: Logfile: /var/www/nic-www.com/datos/web/wp-content/plugins/nicappcrono/logs/nicappcrono-log-2020-08-26.log -> 26-08-2020 23:20:11
#2020-08-27 02:15:13: Logfile: /var/www/nic-www.com/datos/web/wp-content/plugins/nicappcrono/logs/nicappcrono-log-2020-08-27.log -> 27-08-2020 02:15:13
#2020-08-27 02:15:13: nicappcronoMaintenance ends
#2020-08-27 02:15:13: ---
#2020-08-27 02:15:13: UpdateMasterCalendar Start Cron Session
#2020-08-27 02:15:14: Calendar $postID: 4997
#2020-08-27 02:15:16: UpdateEvent event updated nicappcrono.4997.2020-09-12T10:00:00Z.2020-09-12T10:50:00Z
#2020-08-27 02:15:16: Calendar $postID: 4998
#2020-08-27 02:15:18: UpdateEvent event updated nicappcrono.4998.2020-09-11T10:00:00Z.2020-09-11T10:50:00Z
#2020-08-27 02:15:18: UpdateMasterCalendar End Cron Session
#2020-08-27 02:15:18: ---
#2020-08-27 03:20:04: nicappcronoMaintenance begins
#2020-08-27 03:20:04: Logfile: /var/www/nic-www.com/datos/web/wp-content/plugins/nicappcrono/logs/nicappcrono-log-2020-08-20.log -> 20-08-2020 23:20:07
#2020-08-27 03:20:04: Logfile: /var/www/nic-www.com/datos/web/wp-content/plugins/nicappcrono/logs/nicappcrono-log-2020-08-21.log -> 21-08-2020 23:07:13
#2020-08-27 03:20:04: Logfile: /var/www/nic-www.com/datos/web/wp-content/plugins/nicappcrono/logs/nicappcrono-log-2020-08-22.log -> 22-08-2020 23:17:56
#2020-08-27 03:20:04: Logfile: /var/www/nic-www.com/datos/web/wp-content/plugins/nicappcrono/logs/nicappcrono-log-2020-08-23.log -> 23-08-2020 23:20:09
#2020-08-27 03:20:04: Logfile: /var/www/nic-www.com/datos/web/wp-content/plugins/nicappcrono/logs/nicappcrono-log-2020-08-24.log -> 24-08-2020 23:20:09
#2020-08-27 03:20:04: Logfile: /var/www/nic-www.com/datos/web/wp-content/plugins/nicappcrono/logs/nicappcrono-log-2020-08-25.log -> 25-08-2020 23:07:44
#2020-08-27 03:20:04: Logfile: /var/www/nic-www.com/datos/web/wp-content/plugins/nicappcrono/logs/nicappcrono-log-2020-08-26.log -> 26-08-2020 23:20:11
#2020-08-27 03:20:04: Logfile: /var/www/nic-www.com/datos/web/wp-content/plugins/nicappcrono/logs/nicappcrono-log-2020-08-27.log -> 27-08-2020 03:20:04
#2020-08-27 03:20:04: nicappcronoMaintenance ends
#2020-08-27 03:20:04: ---
#2020-08-27 03:20:04: UpdateMasterCalendar Start Cron Session
#2020-08-27 03:20:05: Calendar $postID: 4997
#2020-08-27 03:20:07: UpdateEvent event updated nicappcrono.4997.2020-09-12T10:00:00Z.2020-09-12T10:50:00Z
#2020-08-27 03:20:07: Calendar $postID: 4998
#2020-08-27 03:20:09: UpdateEvent event updated nicappcrono.4998.2020-09-11T10:00:00Z.2020-09-11T10:50:00Z
#2020-08-27 03:20:09: UpdateMasterCalendar End Cron Session
#2020-08-27 03:20:09: ---
#2020-08-27 04:20:04: nicappcronoMaintenance begins
#2020-08-27 04:20:04: Logfile: /var/www/nic-www.com/datos/web/wp-content/plugins/nicappcrono/logs/nicappcrono-log-2020-08-20.log -> 20-08-2020 23:20:07
#2020-08-27 04:20:04: Logfile: /var/www/nic-www.com/datos/web/wp-content/plugins/nicappcrono/logs/nicappcrono-log-2020-08-21.log -> 21-08-2020 23:07:13
#2020-08-27 04:20:04: Logfile: /var/www/nic-www.com/datos/web/wp-content/plugins/nicappcrono/logs/nicappcrono-log-2020-08-22.log -> 22-08-2020 23:17:56
#2020-08-27 04:20:04: Logfile: /var/www/nic-www.com/datos/web/wp-content/plugins/nicappcrono/logs/nicappcrono-log-2020-08-23.log -> 23-08-2020 23:20:09
#2020-08-27 04:20:04: Logfile: /var/www/nic-www.com/datos/web/wp-content/plugins/nicappcrono/logs/nicappcrono-log-2020-08-24.log -> 24-08-2020 23:20:09
#2020-08-27 04:20:04: Logfile: /var/www/nic-www.com/datos/web/wp-content/plugins/nicappcrono/logs/nicappcrono-log-2020-08-25.log -> 25-08-2020 23:07:44
#2020-08-27 04:20:04: Logfile: /var/www/nic-www.com/datos/web/wp-content/plugins/nicappcrono/logs/nicappcrono-log-2020-08-26.log -> 26-08-2020 23:20:11
#2020-08-27 04:20:04: Logfile: /var/www/nic-www.com/datos/web/wp-content/plugins/nicappcrono/logs/nicappcrono-log-2020-08-27.log -> 27-08-2020 04:20:04
#2020-08-27 04:20:04: nicappcronoMaintenance ends
#2020-08-27 04:20:04: ---
#2020-08-27 04:20:04: UpdateMasterCalendar Start Cron Session
#2020-08-27 04:20:05: Calendar $postID: 4998
#2020-08-27 04:20:07: UpdateEvent event updated nicappcrono.4998.2020-09-11T10:00:00Z.2020-09-11T10:50:00Z
#2020-08-27 04:20:07: Calendar $postID: 4997
#2020-08-27 04:20:09: UpdateEvent event updated nicappcrono.4997.2020-09-12T10:00:00Z.2020-09-12T10:50:00Z
#2020-08-27 04:20:09: UpdateMasterCalendar End Cron Session
#2020-08-27 04:20:09: ---
#2020-08-27 05:09:36: nicappcronoMaintenance begins
#2020-08-27 05:09:36: Logfile: /var/www/nic-www.com/datos/web/wp-content/plugins/nicappcrono/logs/nicappcrono-log-2020-08-20.log -> 20-08-2020 23:20:07
#2020-08-27 05:09:36: Logfile: /var/www/nic-www.com/datos/web/wp-content/plugins/nicappcrono/logs/nicappcrono-log-2020-08-21.log -> 21-08-2020 23:07:13
#2020-08-27 05:09:36: Logfile: /var/www/nic-www.com/datos/web/wp-content/plugins/nicappcrono/logs/nicappcrono-log-2020-08-22.log -> 22-08-2020 23:17:56
#2020-08-27 05:09:36: Logfile: /var/www/nic-www.com/datos/web/wp-content/plugins/nicappcrono/logs/nicappcrono-log-2020-08-23.log -> 23-08-2020 23:20:09
#2020-08-27 05:09:36: Logfile: /var/www/nic-www.com/datos/web/wp-content/plugins/nicappcrono/logs/nicappcrono-log-2020-08-24.log -> 24-08-2020 23:20:09
#2020-08-27 05:09:36: Logfile: /var/www/nic-www.com/datos/web/wp-content/plugins/nicappcrono/logs/nicappcrono-log-2020-08-25.log -> 25-08-2020 23:07:44
#2020-08-27 05:09:36: Logfile: /var/www/nic-www.com/datos/web/wp-content/plugins/nicappcrono/logs/nicappcrono-log-2020-08-26.log -> 26-08-2020 23:20:11
#2020-08-27 05:09:36: Logfile: /var/www/nic-www.com/datos/web/wp-content/plugins/nicappcrono/logs/nicappcrono-log-2020-08-27.log -> 27-08-2020 05:09:36
#2020-08-27 05:09:36: nicappcronoMaintenance ends
#2020-08-27 05:09:36: ---
#2020-08-27 05:09:36: UpdateMasterCalendar Start Cron Session
#2020-08-27 05:09:37: Calendar $postID: 4998
#2020-08-27 05:09:39: UpdateEvent event updated nicappcrono.4998.2020-09-11T10:00:00Z.2020-09-11T10:50:00Z
#2020-08-27 05:09:39: Calendar $postID: 4997
#2020-08-27 05:09:41: UpdateEvent event updated nicappcrono.4997.2020-09-12T10:00:00Z.2020-09-12T10:50:00Z
#2020-08-27 05:09:41: UpdateMasterCalendar End Cron Session
#2020-08-27 05:09:41: ---
#2020-08-27 06:20:05: nicappcronoMaintenance begins
#2020-08-27 06:20:05: Logfile: /var/www/nic-www.com/datos/web/wp-content/plugins/nicappcrono/logs/nicappcrono-log-2020-08-20.log -> 20-08-2020 23:20:07
#2020-08-27 06:20:05: Logfile: /var/www/nic-www.com/datos/web/wp-content/plugins/nicappcrono/logs/nicappcrono-log-2020-08-21.log -> 21-08-2020 23:07:13
#2020-08-27 06:20:05: Logfile: /var/www/nic-www.com/datos/web/wp-content/plugins/nicappcrono/logs/nicappcrono-log-2020-08-22.log -> 22-08-2020 23:17:56
#2020-08-27 06:20:05: Logfile: /var/www/nic-www.com/datos/web/wp-content/plugins/nicappcrono/logs/nicappcrono-log-2020-08-23.log -> 23-08-2020 23:20:09
#2020-08-27 06:20:05: Logfile: /var/www/nic-www.com/datos/web/wp-content/plugins/nicappcrono/logs/nicappcrono-log-2020-08-24.log -> 24-08-2020 23:20:09
#2020-08-27 06:20:05: Logfile: /var/www/nic-www.com/datos/web/wp-content/plugins/nicappcrono/logs/nicappcrono-log-2020-08-25.log -> 25-08-2020 23:07:44
#2020-08-27 06:20:05: Logfile: /var/www/nic-www.com/datos/web/wp-content/plugins/nicappcrono/logs/nicappcrono-log-2020-08-26.log -> 26-08-2020 23:20:11
#2020-08-27 06:20:05: Logfile: /var/www/nic-www.com/datos/web/wp-content/plugins/nicappcrono/logs/nicappcrono-log-2020-08-27.log -> 27-08-2020 06:20:05
#2020-08-27 06:20:05: nicappcronoMaintenance ends
#2020-08-27 06:20:05: ---
#2020-08-27 06:20:05: UpdateMasterCalendar Start Cron Session
#2020-08-27 06:20:06: Calendar $postID: 4998
#2020-08-27 06:20:08: UpdateEvent event updated nicappcrono.4998.2020-09-11T10:00:00Z.2020-09-11T10:50:00Z
#2020-08-27 06:20:08: Calendar $postID: 4997
#2020-08-27 06:20:09: UpdateEvent event updated nicappcrono.4997.2020-09-12T10:00:00Z.2020-09-12T10:50:00Z
#2020-08-27 06:20:09: UpdateMasterCalendar End Cron Session
#2020-08-27 06:20:09: ---
#2020-08-27 07:12:57: nicappcronoMaintenance begins
#2020-08-27 07:12:57: Logfile: /var/www/nic-www.com/datos/web/wp-content/plugins/nicappcrono/logs/nicappcrono-log-2020-08-20.log -> 20-08-2020 23:20:07
#2020-08-27 07:12:57: Logfile: /var/www/nic-www.com/datos/web/wp-content/plugins/nicappcrono/logs/nicappcrono-log-2020-08-21.log -> 21-08-2020 23:07:13
#2020-08-27 07:12:57: Logfile: /var/www/nic-www.com/datos/web/wp-content/plugins/nicappcrono/logs/nicappcrono-log-2020-08-22.log -> 22-08-2020 23:17:56
#2020-08-27 07:12:57: Logfile: /var/www/nic-www.com/datos/web/wp-content/plugins/nicappcrono/logs/nicappcrono-log-2020-08-23.log -> 23-08-2020 23:20:09
#2020-08-27 07:12:57: Logfile: /var/www/nic-www.com/datos/web/wp-content/plugins/nicappcrono/logs/nicappcrono-log-2020-08-24.log -> 24-08-2020 23:20:09
#2020-08-27 07:12:57: Logfile: /var/www/nic-www.com/datos/web/wp-content/plugins/nicappcrono/logs/nicappcrono-log-2020-08-25.log -> 25-08-2020 23:07:44
#2020-08-27 07:12:57: Logfile: /var/www/nic-www.com/datos/web/wp-content/plugins/nicappcrono/logs/nicappcrono-log-2020-08-26.log -> 26-08-2020 23:20:11
#2020-08-27 07:12:57: Logfile: /var/www/nic-www.com/datos/web/wp-content/plugins/nicappcrono/logs/nicappcrono-log-2020-08-27.log -> 27-08-2020 07:12:57
#2020-08-27 07:12:57: nicappcronoMaintenance ends
#2020-08-27 07:12:57: ---
#2020-08-27 07:12:57: UpdateMasterCalendar Start Cron Session
#2020-08-27 07:12:58: Calendar $postID: 4997
#2020-08-27 07:12:59: UpdateEvent event updated nicappcrono.4997.2020-09-12T10:00:00Z.2020-09-12T10:50:00Z
#2020-08-27 07:12:59: Calendar $postID: 4998
#2020-08-27 07:13:01: UpdateEvent event updated nicappcrono.4998.2020-09-11T10:00:00Z.2020-09-11T10:50:00Z
#2020-08-27 07:13:01: UpdateMasterCalendar End Cron Session
#2020-08-27 07:13:01: ---
#2020-08-27 08:16:37: nicappcronoMaintenance begins
#2020-08-27 08:16:37: Logfile: /var/www/nic-www.com/datos/web/wp-content/plugins/nicappcrono/logs/nicappcrono-log-2020-08-20.log -> 20-08-2020 23:20:07
#2020-08-27 08:16:37: Logfile: /var/www/nic-www.com/datos/web/wp-content/plugins/nicappcrono/logs/nicappcrono-log-2020-08-21.log -> 21-08-2020 23:07:13
#2020-08-27 08:16:37: Logfile: /var/www/nic-www.com/datos/web/wp-content/plugins/nicappcrono/logs/nicappcrono-log-2020-08-22.log -> 22-08-2020 23:17:56
#2020-08-27 08:16:37: Logfile: /var/www/nic-www.com/datos/web/wp-content/plugins/nicappcrono/logs/nicappcrono-log-2020-08-23.log -> 23-08-2020 23:20:09
#2020-08-27 08:16:37: Logfile: /var/www/nic-www.com/datos/web/wp-content/plugins/nicappcrono/logs/nicappcrono-log-2020-08-24.log -> 24-08-2020 23:20:09
#2020-08-27 08:16:37: Logfile: /var/www/nic-www.com/datos/web/wp-content/plugins/nicappcrono/logs/nicappcrono-log-2020-08-25.log -> 25-08-2020 23:07:44
#2020-08-27 08:16:37: Logfile: /var/www/nic-www.com/datos/web/wp-content/plugins/nicappcrono/logs/nicappcrono-log-2020-08-26.log -> 26-08-2020 23:20:11
#2020-08-27 08:16:37: Logfile: /var/www/nic-www.com/datos/web/wp-content/plugins/nicappcrono/logs/nicappcrono-log-2020-08-27.log -> 27-08-2020 08:16:37
#2020-08-27 08:16:37: nicappcronoMaintenance ends
#2020-08-27 08:16:37: ---
#2020-08-27 08:16:37: UpdateMasterCalendar Start Cron Session
#2020-08-27 08:16:39: Calendar $postID: 4997
#2020-08-27 08:16:40: UpdateEvent event updated nicappcrono.4997.2020-09-12T10:00:00Z.2020-09-12T10:50:00Z
#2020-08-27 08:16:40: Calendar $postID: 4998
#2020-08-27 08:16:42: UpdateEvent event updated nicappcrono.4998.2020-09-11T10:00:00Z.2020-09-11T10:50:00Z
#2020-08-27 08:16:42: UpdateMasterCalendar End Cron Session
#2020-08-27 08:16:42: ---
#2020-08-27 09:19:19: nicappcronoMaintenance begins
#2020-08-27 09:19:19: Logfile: /var/www/nic-www.com/datos/web/wp-content/plugins/nicappcrono/logs/nicappcrono-log-2020-08-20.log -> 20-08-2020 23:20:07
#2020-08-27 09:19:19: Logfile: /var/www/nic-www.com/datos/web/wp-content/plugins/nicappcrono/logs/nicappcrono-log-2020-08-21.log -> 21-08-2020 23:07:13
#2020-08-27 09:19:19: Logfile: /var/www/nic-www.com/datos/web/wp-content/plugins/nicappcrono/logs/nicappcrono-log-2020-08-22.log -> 22-08-2020 23:17:56
#2020-08-27 09:19:19: Logfile: /var/www/nic-www.com/datos/web/wp-content/plugins/nicappcrono/logs/nicappcrono-log-2020-08-23.log -> 23-08-2020 23:20:09
#2020-08-27 09:19:19: Logfile: /var/www/nic-www.com/datos/web/wp-content/plugins/nicappcrono/logs/nicappcrono-log-2020-08-24.log -> 24-08-2020 23:20:09
#2020-08-27 09:19:19: Logfile: /var/www/nic-www.com/datos/web/wp-content/plugins/nicappcrono/logs/nicappcrono-log-2020-08-25.log -> 25-08-2020 23:07:44
#2020-08-27 09:19:19: Logfile: /var/www/nic-www.com/datos/web/wp-content/plugins/nicappcrono/logs/nicappcrono-log-2020-08-26.log -> 26-08-2020 23:20:11
#2020-08-27 09:19:19: Logfile: /var/www/nic-www.com/datos/web/wp-content/plugins/nicappcrono/logs/nicappcrono-log-2020-08-27.log -> 27-08-2020 09:19:19
#2020-08-27 09:19:19: nicappcronoMaintenance ends
#2020-08-27 09:19:19: ---
#2020-08-27 09:19:19: UpdateMasterCalendar Start Cron Session
#2020-08-27 09:19:20: Calendar $postID: 4997
#2020-08-27 09:19:22: UpdateEvent event updated nicappcrono.4997.2020-09-12T10:00:00Z.2020-09-12T10:50:00Z
#2020-08-27 09:19:22: Calendar $postID: 4998
#2020-08-27 09:19:24: UpdateEvent event updated nicappcrono.4998.2020-09-11T10:00:00Z.2020-09-11T10:50:00Z
#2020-08-27 09:19:24: UpdateMasterCalendar End Cron Session
#2020-08-27 09:19:24: ---
#2020-08-27 10:10:56: nicappcronoMaintenance begins
#2020-08-27 10:10:56: Logfile: /var/www/nic-www.com/datos/web/wp-content/plugins/nicappcrono/logs/nicappcrono-log-2020-08-20.log -> 20-08-2020 23:20:07
#2020-08-27 10:10:56: Logfile: /var/www/nic-www.com/datos/web/wp-content/plugins/nicappcrono/logs/nicappcrono-log-2020-08-21.log -> 21-08-2020 23:07:13
#2020-08-27 10:10:56: Logfile: /var/www/nic-www.com/datos/web/wp-content/plugins/nicappcrono/logs/nicappcrono-log-2020-08-22.log -> 22-08-2020 23:17:56
#2020-08-27 10:10:56: Logfile: /var/www/nic-www.com/datos/web/wp-content/plugins/nicappcrono/logs/nicappcrono-log-2020-08-23.log -> 23-08-2020 23:20:09
#2020-08-27 10:10:56: Logfile: /var/www/nic-www.com/datos/web/wp-content/plugins/nicappcrono/logs/nicappcrono-log-2020-08-24.log -> 24-08-2020 23:20:09
#2020-08-27 10:10:56: Logfile: /var/www/nic-www.com/datos/web/wp-content/plugins/nicappcrono/logs/nicappcrono-log-2020-08-25.log -> 25-08-2020 23:07:44
#2020-08-27 10:10:56: Logfile: /var/www/nic-www.com/datos/web/wp-content/plugins/nicappcrono/logs/nicappcrono-log-2020-08-26.log -> 26-08-2020 23:20:11
#2020-08-27 10:10:56: Logfile: /var/www/nic-www.com/datos/web/wp-content/plugins/nicappcrono/logs/nicappcrono-log-2020-08-27.log -> 27-08-2020 10:10:56
#2020-08-27 10:10:56: nicappcronoMaintenance ends
#2020-08-27 10:10:56: ---
#2020-08-27 10:10:56: UpdateMasterCalendar Start Cron Session
#2020-08-27 10:10:57: Calendar $postID: 4998
#2020-08-27 10:10:58: UpdateEvent event updated nicappcrono.4998.2020-09-11T10:00:00Z.2020-09-11T10:50:00Z
#2020-08-27 10:10:58: Calendar $postID: 4997
#2020-08-27 10:11:00: UpdateEvent event updated nicappcrono.4997.2020-09-12T10:00:00Z.2020-09-12T10:50:00Z
#2020-08-27 10:11:01: DeleteEvent event deleted nicappcrono.4997.2020-08-22T08:30:00Z.2020-08-22T09:20:00Z
#2020-08-27 10:11:01: UpdateMasterCalendar End Cron Session
#2020-08-27 10:11:01: ---
#2020-08-27 11:05:38: nicappcronoMaintenance begins
#2020-08-27 11:05:38: Logfile: /var/www/nic-www.com/datos/web/wp-content/plugins/nicappcrono/logs/nicappcrono-log-2020-08-20.log -> 20-08-2020 23:20:07
#2020-08-27 11:05:38: Logfile: /var/www/nic-www.com/datos/web/wp-content/plugins/nicappcrono/logs/nicappcrono-log-2020-08-21.log -> 21-08-2020 23:07:13
#2020-08-27 11:05:38: Logfile: /var/www/nic-www.com/datos/web/wp-content/plugins/nicappcrono/logs/nicappcrono-log-2020-08-22.log -> 22-08-2020 23:17:56
#2020-08-27 11:05:38: Logfile: /var/www/nic-www.com/datos/web/wp-content/plugins/nicappcrono/logs/nicappcrono-log-2020-08-23.log -> 23-08-2020 23:20:09
#2020-08-27 11:05:38: Logfile: /var/www/nic-www.com/datos/web/wp-content/plugins/nicappcrono/logs/nicappcrono-log-2020-08-24.log -> 24-08-2020 23:20:09
#2020-08-27 11:05:38: Logfile: /var/www/nic-www.com/datos/web/wp-content/plugins/nicappcrono/logs/nicappcrono-log-2020-08-25.log -> 25-08-2020 23:07:44
#2020-08-27 11:05:38: Logfile: /var/www/nic-www.com/datos/web/wp-content/plugins/nicappcrono/logs/nicappcrono-log-2020-08-26.log -> 26-08-2020 23:20:11
#2020-08-27 11:05:38: Logfile: /var/www/nic-www.com/datos/web/wp-content/plugins/nicappcrono/logs/nicappcrono-log-2020-08-27.log -> 27-08-2020 11:05:38
#2020-08-27 11:05:38: nicappcronoMaintenance ends
#2020-08-27 11:05:38: ---
#2020-08-27 11:05:38: UpdateMasterCalendar Start Cron Session
#2020-08-27 11:05:39: Calendar $postID: 4997
#2020-08-27 11:05:40: UpdateEvent event updated nicappcrono.4997.2020-09-12T10:00:00Z.2020-09-12T10:50:00Z
#2020-08-27 11:05:40: Calendar $postID: 4998
#2020-08-27 11:05:42: UpdateEvent event updated nicappcrono.4998.2020-09-11T10:00:00Z.2020-09-11T10:50:00Z
#2020-08-27 11:05:42: UpdateMasterCalendar End Cron Session
#2020-08-27 11:05:42: ---
#2020-08-27 12:05:42: nicappcronoMaintenance begins
#2020-08-27 12:05:42: Logfile: /var/www/nic-www.com/datos/web/wp-content/plugins/nicappcrono/logs/nicappcrono-log-2020-08-20.log -> 20-08-2020 23:20:07
#2020-08-27 12:05:42: Logfile: /var/www/nic-www.com/datos/web/wp-content/plugins/nicappcrono/logs/nicappcrono-log-2020-08-21.log -> 21-08-2020 23:07:13
#2020-08-27 12:05:42: Logfile: /var/www/nic-www.com/datos/web/wp-content/plugins/nicappcrono/logs/nicappcrono-log-2020-08-22.log -> 22-08-2020 23:17:56
#2020-08-27 12:05:42: Logfile: /var/www/nic-www.com/datos/web/wp-content/plugins/nicappcrono/logs/nicappcrono-log-2020-08-23.log -> 23-08-2020 23:20:09
#2020-08-27 12:05:42: Logfile: /var/www/nic-www.com/datos/web/wp-content/plugins/nicappcrono/logs/nicappcrono-log-2020-08-24.log -> 24-08-2020 23:20:09
#2020-08-27 12:05:42: Logfile: /var/www/nic-www.com/datos/web/wp-content/plugins/nicappcrono/logs/nicappcrono-log-2020-08-25.log -> 25-08-2020 23:07:44
#2020-08-27 12:05:42: Logfile: /var/www/nic-www.com/datos/web/wp-content/plugins/nicappcrono/logs/nicappcrono-log-2020-08-26.log -> 26-08-2020 23:20:11
#2020-08-27 12:05:42: Logfile: /var/www/nic-www.com/datos/web/wp-content/plugins/nicappcrono/logs/nicappcrono-log-2020-08-27.log -> 27-08-2020 12:05:42
#2020-08-27 12:05:42: nicappcronoMaintenance ends
#2020-08-27 12:05:42: ---
#2020-08-27 12:05:42: UpdateMasterCalendar Start Cron Session
#2020-08-27 12:05:43: Calendar $postID: 4997
#2020-08-27 12:05:45: UpdateEvent event updated nicappcrono.4997.2020-09-12T10:00:00Z.2020-09-12T10:50:00Z
#2020-08-27 12:05:45: Calendar $postID: 4998
#2020-08-27 12:05:46: UpdateEvent event updated nicappcrono.4998.2020-09-11T10:00:00Z.2020-09-11T10:50:00Z
#2020-08-27 12:05:46: UpdateMasterCalendar End Cron Session
#2020-08-27 12:05:46: ---
#2020-08-27 13:14:50: nicappcronoMaintenance begins
#2020-08-27 13:14:50: Logfile: /var/www/nic-www.com/datos/web/wp-content/plugins/nicappcrono/logs/nicappcrono-log-2020-08-20.log -> 20-08-2020 23:20:07
#2020-08-27 13:14:50: Logfile: /var/www/nic-www.com/datos/web/wp-content/plugins/nicappcrono/logs/nicappcrono-log-2020-08-21.log -> 21-08-2020 23:07:13
#2020-08-27 13:14:50: Logfile: /var/www/nic-www.com/datos/web/wp-content/plugins/nicappcrono/logs/nicappcrono-log-2020-08-22.log -> 22-08-2020 23:17:56
#2020-08-27 13:14:50: Logfile: /var/www/nic-www.com/datos/web/wp-content/plugins/nicappcrono/logs/nicappcrono-log-2020-08-23.log -> 23-08-2020 23:20:09
#2020-08-27 13:14:50: Logfile: /var/www/nic-www.com/datos/web/wp-content/plugins/nicappcrono/logs/nicappcrono-log-2020-08-24.log -> 24-08-2020 23:20:09
#2020-08-27 13:14:50: Logfile: /var/www/nic-www.com/datos/web/wp-content/plugins/nicappcrono/logs/nicappcrono-log-2020-08-25.log -> 25-08-2020 23:07:44
#2020-08-27 13:14:50: Logfile: /var/www/nic-www.com/datos/web/wp-content/plugins/nicappcrono/logs/nicappcrono-log-2020-08-26.log -> 26-08-2020 23:20:11
#2020-08-27 13:14:50: Logfile: /var/www/nic-www.com/datos/web/wp-content/plugins/nicappcrono/logs/nicappcrono-log-2020-08-27.log -> 27-08-2020 13:14:50
#2020-08-27 13:14:50: nicappcronoMaintenance ends
#2020-08-27 13:14:50: ---
#2020-08-27 13:14:50: UpdateMasterCalendar Start Cron Session
#2020-08-27 13:14:51: Calendar $postID: 4997
#2020-08-27 13:14:53: UpdateEvent event updated nicappcrono.4997.2020-09-12T10:00:00Z.2020-09-12T10:50:00Z
#2020-08-27 13:14:53: Calendar $postID: 4998
#2020-08-27 13:14:55: UpdateEvent event updated nicappcrono.4998.2020-09-11T10:00:00Z.2020-09-11T10:50:00Z
#2020-08-27 13:14:55: UpdateMasterCalendar End Cron Session
#2020-08-27 13:14:55: ---
#2020-08-27 14:06:03: nicappcronoMaintenance begins
#2020-08-27 14:06:03: Logfile: /var/www/nic-www.com/datos/web/wp-content/plugins/nicappcrono/logs/nicappcrono-log-2020-08-20.log -> 20-08-2020 23:20:07
#2020-08-27 14:06:03: Logfile: /var/www/nic-www.com/datos/web/wp-content/plugins/nicappcrono/logs/nicappcrono-log-2020-08-21.log -> 21-08-2020 23:07:13
#2020-08-27 14:06:03: Logfile: /var/www/nic-www.com/datos/web/wp-content/plugins/nicappcrono/logs/nicappcrono-log-2020-08-22.log -> 22-08-2020 23:17:56
#2020-08-27 14:06:03: Logfile: /var/www/nic-www.com/datos/web/wp-content/plugins/nicappcrono/logs/nicappcrono-log-2020-08-23.log -> 23-08-2020 23:20:09
#2020-08-27 14:06:03: Logfile: /var/www/nic-www.com/datos/web/wp-content/plugins/nicappcrono/logs/nicappcrono-log-2020-08-24.log -> 24-08-2020 23:20:09
#2020-08-27 14:06:03: Logfile: /var/www/nic-www.com/datos/web/wp-content/plugins/nicappcrono/logs/nicappcrono-log-2020-08-25.log -> 25-08-2020 23:07:44
#2020-08-27 14:06:03: Logfile: /var/www/nic-www.com/datos/web/wp-content/plugins/nicappcrono/logs/nicappcrono-log-2020-08-26.log -> 26-08-2020 23:20:11
#2020-08-27 14:06:03: Logfile: /var/www/nic-www.com/datos/web/wp-content/plugins/nicappcrono/logs/nicappcrono-log-2020-08-27.log -> 27-08-2020 14:06:03
#2020-08-27 14:06:03: nicappcronoMaintenance ends
#2020-08-27 14:06:03: ---
#2020-08-27 14:06:03: UpdateMasterCalendar Start Cron Session
#2020-08-27 14:06:04: Calendar $postID: 4998
#2020-08-27 14:06:06: UpdateEvent event updated nicappcrono.4998.2020-09-11T10:00:00Z.2020-09-11T10:50:00Z
#2020-08-27 14:06:06: Calendar $postID: 4997
#2020-08-27 14:06:08: UpdateEvent event updated nicappcrono.4997.2020-09-12T10:00:00Z.2020-09-12T10:50:00Z
#2020-08-27 14:06:08: UpdateMasterCalendar End Cron Session
#2020-08-27 14:06:08: ---
#2020-08-27 15:05:45: nicappcronoMaintenance begins
#2020-08-27 15:05:45: Logfile: /var/www/nic-www.com/datos/web/wp-content/plugins/nicappcrono/logs/nicappcrono-log-2020-08-20.log -> 20-08-2020 23:20:07
#2020-08-27 15:05:45: Logfile: /var/www/nic-www.com/datos/web/wp-content/plugins/nicappcrono/logs/nicappcrono-log-2020-08-21.log -> 21-08-2020 23:07:13
#2020-08-27 15:05:45: Logfile: /var/www/nic-www.com/datos/web/wp-content/plugins/nicappcrono/logs/nicappcrono-log-2020-08-22.log -> 22-08-2020 23:17:56
#2020-08-27 15:05:45: Logfile: /var/www/nic-www.com/datos/web/wp-content/plugins/nicappcrono/logs/nicappcrono-log-2020-08-23.log -> 23-08-2020 23:20:09
#2020-08-27 15:05:45: Logfile: /var/www/nic-www.com/datos/web/wp-content/plugins/nicappcrono/logs/nicappcrono-log-2020-08-24.log -> 24-08-2020 23:20:09
#2020-08-27 15:05:45: Logfile: /var/www/nic-www.com/datos/web/wp-content/plugins/nicappcrono/logs/nicappcrono-log-2020-08-25.log -> 25-08-2020 23:07:44
#2020-08-27 15:05:45: Logfile: /var/www/nic-www.com/datos/web/wp-content/plugins/nicappcrono/logs/nicappcrono-log-2020-08-26.log -> 26-08-2020 23:20:11
#2020-08-27 15:05:45: Logfile: /var/www/nic-www.com/datos/web/wp-content/plugins/nicappcrono/logs/nicappcrono-log-2020-08-27.log -> 27-08-2020 15:05:45
#2020-08-27 15:05:45: nicappcronoMaintenance ends
#2020-08-27 15:05:45: ---
#2020-08-27 15:05:45: UpdateMasterCalendar Start Cron Session
#2020-08-27 15:05:46: Calendar $postID: 4997
#2020-08-27 15:05:47: UpdateEvent event updated nicappcrono.4997.2020-09-12T10:00:00Z.2020-09-12T10:50:00Z
#2020-08-27 15:05:47: Calendar $postID: 4998
#2020-08-27 15:05:49: UpdateEvent event updated nicappcrono.4998.2020-09-11T10:00:00Z.2020-09-11T10:50:00Z
#2020-08-27 15:05:49: UpdateMasterCalendar End Cron Session
#2020-08-27 15:05:49: ---
#2020-08-27 16:20:04: nicappcronoMaintenance begins
#2020-08-27 16:20:04: Logfile: /var/www/nic-www.com/datos/web/wp-content/plugins/nicappcrono/logs/nicappcrono-log-2020-08-20.log -> 20-08-2020 23:20:07
#2020-08-27 16:20:04: Logfile: /var/www/nic-www.com/datos/web/wp-content/plugins/nicappcrono/logs/nicappcrono-log-2020-08-21.log -> 21-08-2020 23:07:13
#2020-08-27 16:20:04: Logfile: /var/www/nic-www.com/datos/web/wp-content/plugins/nicappcrono/logs/nicappcrono-log-2020-08-22.log -> 22-08-2020 23:17:56
#2020-08-27 16:20:04: Logfile: /var/www/nic-www.com/datos/web/wp-content/plugins/nicappcrono/logs/nicappcrono-log-2020-08-23.log -> 23-08-2020 23:20:09
#2020-08-27 16:20:04: Logfile: /var/www/nic-www.com/datos/web/wp-content/plugins/nicappcrono/logs/nicappcrono-log-2020-08-24.log -> 24-08-2020 23:20:09
#2020-08-27 16:20:04: Logfile: /var/www/nic-www.com/datos/web/wp-content/plugins/nicappcrono/logs/nicappcrono-log-2020-08-25.log -> 25-08-2020 23:07:44
#2020-08-27 16:20:04: Logfile: /var/www/nic-www.com/datos/web/wp-content/plugins/nicappcrono/logs/nicappcrono-log-2020-08-26.log -> 26-08-2020 23:20:11
#2020-08-27 16:20:04: Logfile: /var/www/nic-www.com/datos/web/wp-content/plugins/nicappcrono/logs/nicappcrono-log-2020-08-27.log -> 27-08-2020 16:20:04
#2020-08-27 16:20:04: nicappcronoMaintenance ends
#2020-08-27 16:20:04: ---
#2020-08-27 16:20:04: UpdateMasterCalendar Start Cron Session
#2020-08-27 16:20:05: Calendar $postID: 4997
#2020-08-27 16:20:07: UpdateEvent event updated nicappcrono.4997.2020-09-12T10:00:00Z.2020-09-12T10:50:00Z
#2020-08-27 16:20:07: Calendar $postID: 4998
#2020-08-27 16:20:09: UpdateEvent event updated nicappcrono.4998.2020-09-11T10:00:00Z.2020-09-11T10:50:00Z
#2020-08-27 16:20:09: UpdateMasterCalendar End Cron Session
#2020-08-27 16:20:09: ---
#2020-08-27 17:06:58: nicappcronoMaintenance begins
#2020-08-27 17:06:58: Logfile: /var/www/nic-www.com/datos/web/wp-content/plugins/nicappcrono/logs/nicappcrono-log-2020-08-20.log -> 20-08-2020 23:20:07
#2020-08-27 17:06:58: Logfile: /var/www/nic-www.com/datos/web/wp-content/plugins/nicappcrono/logs/nicappcrono-log-2020-08-21.log -> 21-08-2020 23:07:13
#2020-08-27 17:06:58: Logfile: /var/www/nic-www.com/datos/web/wp-content/plugins/nicappcrono/logs/nicappcrono-log-2020-08-22.log -> 22-08-2020 23:17:56
#2020-08-27 17:06:58: Logfile: /var/www/nic-www.com/datos/web/wp-content/plugins/nicappcrono/logs/nicappcrono-log-2020-08-23.log -> 23-08-2020 23:20:09
#2020-08-27 17:06:58: Logfile: /var/www/nic-www.com/datos/web/wp-content/plugins/nicappcrono/logs/nicappcrono-log-2020-08-24.log -> 24-08-2020 23:20:09
#2020-08-27 17:06:58: Logfile: /var/www/nic-www.com/datos/web/wp-content/plugins/nicappcrono/logs/nicappcrono-log-2020-08-25.log -> 25-08-2020 23:07:44
#2020-08-27 17:06:58: Logfile: /var/www/nic-www.com/datos/web/wp-content/plugins/nicappcrono/logs/nicappcrono-log-2020-08-26.log -> 26-08-2020 23:20:11
#2020-08-27 17:06:58: Logfile: /var/www/nic-www.com/datos/web/wp-content/plugins/nicappcrono/logs/nicappcrono-log-2020-08-27.log -> 27-08-2020 17:06:58
#2020-08-27 17:06:58: nicappcronoMaintenance ends
#2020-08-27 17:06:58: ---
#2020-08-27 17:06:58: UpdateMasterCalendar Start Cron Session
#2020-08-27 17:06:59: Calendar $postID: 4998
#2020-08-27 17:07:01: UpdateEvent event updated nicappcrono.4998.2020-09-11T10:00:00Z.2020-09-11T10:50:00Z
#2020-08-27 17:07:01: Calendar $postID: 4997
#2020-08-27 17:07:03: UpdateEvent event updated nicappcrono.4997.2020-09-12T10:00:00Z.2020-09-12T10:50:00Z
#2020-08-27 17:07:03: UpdateMasterCalendar End Cron Session
#2020-08-27 17:07:03: ---
#2020-08-27 18:07:07: nicappcronoMaintenance begins
#2020-08-27 18:07:07: Logfile: /var/www/nic-www.com/datos/web/wp-content/plugins/nicappcrono/logs/nicappcrono-log-2020-08-20.log -> 20-08-2020 23:20:07
#2020-08-27 18:07:07: Logfile: /var/www/nic-www.com/datos/web/wp-content/plugins/nicappcrono/logs/nicappcrono-log-2020-08-21.log -> 21-08-2020 23:07:13
#2020-08-27 18:07:07: Logfile: /var/www/nic-www.com/datos/web/wp-content/plugins/nicappcrono/logs/nicappcrono-log-2020-08-22.log -> 22-08-2020 23:17:56
#2020-08-27 18:07:07: Logfile: /var/www/nic-www.com/datos/web/wp-content/plugins/nicappcrono/logs/nicappcrono-log-2020-08-23.log -> 23-08-2020 23:20:09
#2020-08-27 18:07:07: Logfile: /var/www/nic-www.com/datos/web/wp-content/plugins/nicappcrono/logs/nicappcrono-log-2020-08-24.log -> 24-08-2020 23:20:09
#2020-08-27 18:07:07: Logfile: /var/www/nic-www.com/datos/web/wp-content/plugins/nicappcrono/logs/nicappcrono-log-2020-08-25.log -> 25-08-2020 23:07:44
#2020-08-27 18:07:07: Logfile: /var/www/nic-www.com/datos/web/wp-content/plugins/nicappcrono/logs/nicappcrono-log-2020-08-26.log -> 26-08-2020 23:20:11
#2020-08-27 18:07:07: Logfile: /var/www/nic-www.com/datos/web/wp-content/plugins/nicappcrono/logs/nicappcrono-log-2020-08-27.log -> 27-08-2020 18:07:07
#2020-08-27 18:07:07: nicappcronoMaintenance ends
#2020-08-27 18:07:07: ---
#2020-08-27 18:07:07: UpdateMasterCalendar Start Cron Session
#2020-08-27 18:07:08: Calendar $postID: 4997
#2020-08-27 18:07:10: UpdateEvent event updated nicappcrono.4997.2020-09-12T10:00:00Z.2020-09-12T10:50:00Z
#2020-08-27 18:07:10: Calendar $postID: 4998
#2020-08-27 18:07:11: UpdateEvent event updated nicappcrono.4998.2020-09-11T10:00:00Z.2020-09-11T10:50:00Z
#2020-08-27 18:07:11: UpdateMasterCalendar End Cron Session
#2020-08-27 18:07:11: ---
#2020-08-27 19:07:26: nicappcronoMaintenance begins
#2020-08-27 19:07:26: Logfile: /var/www/nic-www.com/datos/web/wp-content/plugins/nicappcrono/logs/nicappcrono-log-2020-08-20.log -> 20-08-2020 23:20:07
#2020-08-27 19:07:26: Logfile: /var/www/nic-www.com/datos/web/wp-content/plugins/nicappcrono/logs/nicappcrono-log-2020-08-21.log -> 21-08-2020 23:07:13
#2020-08-27 19:07:26: Logfile: /var/www/nic-www.com/datos/web/wp-content/plugins/nicappcrono/logs/nicappcrono-log-2020-08-22.log -> 22-08-2020 23:17:56
#2020-08-27 19:07:26: Logfile: /var/www/nic-www.com/datos/web/wp-content/plugins/nicappcrono/logs/nicappcrono-log-2020-08-23.log -> 23-08-2020 23:20:09
#2020-08-27 19:07:26: Logfile: /var/www/nic-www.com/datos/web/wp-content/plugins/nicappcrono/logs/nicappcrono-log-2020-08-24.log -> 24-08-2020 23:20:09
#2020-08-27 19:07:26: Logfile: /var/www/nic-www.com/datos/web/wp-content/plugins/nicappcrono/logs/nicappcrono-log-2020-08-25.log -> 25-08-2020 23:07:44
#2020-08-27 19:07:26: Logfile: /var/www/nic-www.com/datos/web/wp-content/plugins/nicappcrono/logs/nicappcrono-log-2020-08-26.log -> 26-08-2020 23:20:11
#2020-08-27 19:07:26: Logfile: /var/www/nic-www.com/datos/web/wp-content/plugins/nicappcrono/logs/nicappcrono-log-2020-08-27.log -> 27-08-2020 19:07:26
#2020-08-27 19:07:26: nicappcronoMaintenance ends
#2020-08-27 19:07:26: ---
#2020-08-27 19:07:26: UpdateMasterCalendar Start Cron Session
#2020-08-27 19:07:27: Calendar $postID: 4997
#2020-08-27 19:07:29: UpdateEvent event updated nicappcrono.4997.2020-09-12T10:00:00Z.2020-09-12T10:50:00Z
#2020-08-27 19:07:29: Calendar $postID: 4998
#2020-08-27 19:07:31: UpdateEvent event updated nicappcrono.4998.2020-09-11T10:00:00Z.2020-09-11T10:50:00Z
#2020-08-27 19:07:31: UpdateMasterCalendar End Cron Session
#2020-08-27 19:07:31: ---
#2020-08-27 20:07:27: nicappcronoMaintenance begins
#2020-08-27 20:07:27: Logfile: /var/www/nic-www.com/datos/web/wp-content/plugins/nicappcrono/logs/nicappcrono-log-2020-08-20.log -> 20-08-2020 23:20:07
#2020-08-27 20:07:27: Logfile: /var/www/nic-www.com/datos/web/wp-content/plugins/nicappcrono/logs/nicappcrono-log-2020-08-21.log -> 21-08-2020 23:07:13
#2020-08-27 20:07:27: Logfile: /var/www/nic-www.com/datos/web/wp-content/plugins/nicappcrono/logs/nicappcrono-log-2020-08-22.log -> 22-08-2020 23:17:56
#2020-08-27 20:07:27: Logfile: /var/www/nic-www.com/datos/web/wp-content/plugins/nicappcrono/logs/nicappcrono-log-2020-08-23.log -> 23-08-2020 23:20:09
#2020-08-27 20:07:27: Logfile: /var/www/nic-www.com/datos/web/wp-content/plugins/nicappcrono/logs/nicappcrono-log-2020-08-24.log -> 24-08-2020 23:20:09
#2020-08-27 20:07:27: Logfile: /var/www/nic-www.com/datos/web/wp-content/plugins/nicappcrono/logs/nicappcrono-log-2020-08-25.log -> 25-08-2020 23:07:44
#2020-08-27 20:07:27: Logfile: /var/www/nic-www.com/datos/web/wp-content/plugins/nicappcrono/logs/nicappcrono-log-2020-08-26.log -> 26-08-2020 23:20:11
#2020-08-27 20:07:27: Logfile: /var/www/nic-www.com/datos/web/wp-content/plugins/nicappcrono/logs/nicappcrono-log-2020-08-27.log -> 27-08-2020 20:07:27
#2020-08-27 20:07:27: nicappcronoMaintenance ends
#2020-08-27 20:07:27: ---
#2020-08-27 20:07:27: UpdateMasterCalendar Start Cron Session
#2020-08-27 20:07:28: Calendar $postID: 4997
#2020-08-27 20:07:30: UpdateEvent event updated nicappcrono.4997.2020-09-12T10:00:00Z.2020-09-12T10:50:00Z
#2020-08-27 20:07:30: Calendar $postID: 4998
#2020-08-27 20:07:32: UpdateEvent event updated nicappcrono.4998.2020-09-11T10:00:00Z.2020-09-11T10:50:00Z
#2020-08-27 20:07:32: UpdateMasterCalendar End Cron Session
#2020-08-27 20:07:32: ---
#2020-08-27 21:06:46: nicappcronoMaintenance begins
#2020-08-27 21:06:46: Logfile: /var/www/nic-www.com/datos/web/wp-content/plugins/nicappcrono/logs/nicappcrono-log-2020-08-20.log -> 20-08-2020 23:20:07
#2020-08-27 21:06:46: Logfile: /var/www/nic-www.com/datos/web/wp-content/plugins/nicappcrono/logs/nicappcrono-log-2020-08-21.log -> 21-08-2020 23:07:13
#2020-08-27 21:06:46: Logfile: /var/www/nic-www.com/datos/web/wp-content/plugins/nicappcrono/logs/nicappcrono-log-2020-08-22.log -> 22-08-2020 23:17:56
#2020-08-27 21:06:46: Logfile: /var/www/nic-www.com/datos/web/wp-content/plugins/nicappcrono/logs/nicappcrono-log-2020-08-23.log -> 23-08-2020 23:20:09
#2020-08-27 21:06:46: Logfile: /var/www/nic-www.com/datos/web/wp-content/plugins/nicappcrono/logs/nicappcrono-log-2020-08-24.log -> 24-08-2020 23:20:09
#2020-08-27 21:06:46: Logfile: /var/www/nic-www.com/datos/web/wp-content/plugins/nicappcrono/logs/nicappcrono-log-2020-08-25.log -> 25-08-2020 23:07:44
#2020-08-27 21:06:46: Logfile: /var/www/nic-www.com/datos/web/wp-content/plugins/nicappcrono/logs/nicappcrono-log-2020-08-26.log -> 26-08-2020 23:20:11
#2020-08-27 21:06:46: Logfile: /var/www/nic-www.com/datos/web/wp-content/plugins/nicappcrono/logs/nicappcrono-log-2020-08-27.log -> 27-08-2020 21:06:46
#2020-08-27 21:06:46: nicappcronoMaintenance ends
#2020-08-27 21:06:46: ---
#2020-08-27 21:06:46: UpdateMasterCalendar Start Cron Session
#2020-08-27 21:06:47: Calendar $postID: 4998
#2020-08-27 21:06:49: UpdateEvent event updated nicappcrono.4998.2020-09-11T10:00:00Z.2020-09-11T10:50:00Z
#2020-08-27 21:06:49: Calendar $postID: 4997
#2020-08-27 21:06:51: UpdateEvent event updated nicappcrono.4997.2020-09-12T10:00:00Z.2020-09-12T10:50:00Z
#2020-08-27 21:06:51: UpdateMasterCalendar End Cron Session
#2020-08-27 21:06:51: ---
#2020-08-27 22:07:33: nicappcronoMaintenance begins
#2020-08-27 22:07:33: Logfile: /var/www/nic-www.com/datos/web/wp-content/plugins/nicappcrono/logs/nicappcrono-log-2020-08-20.log -> 20-08-2020 23:20:07
#2020-08-27 22:07:33: Logfile: /var/www/nic-www.com/datos/web/wp-content/plugins/nicappcrono/logs/nicappcrono-log-2020-08-21.log -> 21-08-2020 23:07:13
#2020-08-27 22:07:33: Logfile: /var/www/nic-www.com/datos/web/wp-content/plugins/nicappcrono/logs/nicappcrono-log-2020-08-22.log -> 22-08-2020 23:17:56
#2020-08-27 22:07:33: Logfile: /var/www/nic-www.com/datos/web/wp-content/plugins/nicappcrono/logs/nicappcrono-log-2020-08-23.log -> 23-08-2020 23:20:09
#2020-08-27 22:07:33: Logfile: /var/www/nic-www.com/datos/web/wp-content/plugins/nicappcrono/logs/nicappcrono-log-2020-08-24.log -> 24-08-2020 23:20:09
#2020-08-27 22:07:33: Logfile: /var/www/nic-www.com/datos/web/wp-content/plugins/nicappcrono/logs/nicappcrono-log-2020-08-25.log -> 25-08-2020 23:07:44
#2020-08-27 22:07:33: Logfile: /var/www/nic-www.com/datos/web/wp-content/plugins/nicappcrono/logs/nicappcrono-log-2020-08-26.log -> 26-08-2020 23:20:11
#2020-08-27 22:07:33: Logfile: /var/www/nic-www.com/datos/web/wp-content/plugins/nicappcrono/logs/nicappcrono-log-2020-08-27.log -> 27-08-2020 22:07:33
#2020-08-27 22:07:33: nicappcronoMaintenance ends
#2020-08-27 22:07:33: ---
#2020-08-27 22:07:33: UpdateMasterCalendar Start Cron Session
#2020-08-27 22:07:34: Calendar $postID: 4998
#2020-08-27 22:07:36: UpdateEvent event updated nicappcrono.4998.2020-09-11T10:00:00Z.2020-09-11T10:50:00Z
#2020-08-27 22:07:36: Calendar $postID: 4997
#2020-08-27 22:07:38: UpdateEvent event updated nicappcrono.4997.2020-09-12T10:00:00Z.2020-09-12T10:50:00Z
#2020-08-27 22:07:38: UpdateMasterCalendar End Cron Session
#2020-08-27 22:07:38: ---
#2020-08-27 23:05:36: nicappcronoMaintenance begins
#2020-08-27 23:05:36: Logfile: /var/www/nic-www.com/datos/web/wp-content/plugins/nicappcrono/logs/nicappcrono-log-2020-08-20.log -> 20-08-2020 23:20:07
#2020-08-27 23:05:36: Logfile: /var/www/nic-www.com/datos/web/wp-content/plugins/nicappcrono/logs/nicappcrono-log-2020-08-21.log -> 21-08-2020 23:07:13
#2020-08-27 23:05:36: Logfile: /var/www/nic-www.com/datos/web/wp-content/plugins/nicappcrono/logs/nicappcrono-log-2020-08-22.log -> 22-08-2020 23:17:56
#2020-08-27 23:05:36: Logfile: /var/www/nic-www.com/datos/web/wp-content/plugins/nicappcrono/logs/nicappcrono-log-2020-08-23.log -> 23-08-2020 23:20:09
#2020-08-27 23:05:36: Logfile: /var/www/nic-www.com/datos/web/wp-content/plugins/nicappcrono/logs/nicappcrono-log-2020-08-24.log -> 24-08-2020 23:20:09
#2020-08-27 23:05:36: Logfile: /var/www/nic-www.com/datos/web/wp-content/plugins/nicappcrono/logs/nicappcrono-log-2020-08-25.log -> 25-08-2020 23:07:44
#2020-08-27 23:05:36: Logfile: /var/www/nic-www.com/datos/web/wp-content/plugins/nicappcrono/logs/nicappcrono-log-2020-08-26.log -> 26-08-2020 23:20:11
#2020-08-27 23:05:36: Logfile: /var/www/nic-www.com/datos/web/wp-content/plugins/nicappcrono/logs/nicappcrono-log-2020-08-27.log -> 27-08-2020 23:05:36
#2020-08-27 23:05:36: nicappcronoMaintenance ends
#2020-08-27 23:05:36: ---
#2020-08-27 23:05:36: UpdateMasterCalendar Start Cron Session
#2020-08-27 23:05:37: Calendar $postID: 4997
#2020-08-27 23:05:39: UpdateEvent event updated nicappcrono.4997.2020-09-12T10:00:00Z.2020-09-12T10:50:00Z
#2020-08-27 23:05:39: Calendar $postID: 4998
#2020-08-27 23:05:41: UpdateEvent event updated nicappcrono.4998.2020-09-11T10:00:00Z.2020-09-11T10:50:00Z
#2020-08-27 23:05:41: UpdateMasterCalendar End Cron Session
#2020-08-27 23:05:41: ---
