#2020-08-25 00:20:04: Empieza nicappcronoMaintenance
#2020-08-25 00:20:04: Fichero log: /var/www/nic-www.com/datos/web/wp-content/plugins/nicappcrono/logs/nicappcrono-log-2020-08-19.log -> 19-08-2020 23:05:44
#2020-08-25 00:20:04: Fichero log: /var/www/nic-www.com/datos/web/wp-content/plugins/nicappcrono/logs/nicappcrono-log-2020-08-20.log -> 20-08-2020 23:20:07
#2020-08-25 00:20:04: Fichero log: /var/www/nic-www.com/datos/web/wp-content/plugins/nicappcrono/logs/nicappcrono-log-2020-08-21.log -> 21-08-2020 23:07:13
#2020-08-25 00:20:04: Fichero log: /var/www/nic-www.com/datos/web/wp-content/plugins/nicappcrono/logs/nicappcrono-log-2020-08-22.log -> 22-08-2020 23:17:56
#2020-08-25 00:20:04: Fichero log: /var/www/nic-www.com/datos/web/wp-content/plugins/nicappcrono/logs/nicappcrono-log-2020-08-23.log -> 23-08-2020 23:20:09
#2020-08-25 00:20:04: Fichero log: /var/www/nic-www.com/datos/web/wp-content/plugins/nicappcrono/logs/nicappcrono-log-2020-08-24.log -> 24-08-2020 23:20:09
#2020-08-25 00:20:04: Fichero log: /var/www/nic-www.com/datos/web/wp-content/plugins/nicappcrono/logs/nicappcrono-log-2020-08-25.log -> 25-08-2020 00:20:04
#2020-08-25 00:20:04: Finaliza nicappcronoMaintenance
#2020-08-25 00:20:04: Empieza sesion cron UpdateMasterCalendar
#2020-08-25 00:20:05: Calendario $postID: 4997
#2020-08-25 00:20:07: Calendario $postID: 4998
#2020-08-25 00:20:09: Finaliza sesion cron UpdateMasterCalendar
#2020-08-25 01:06:15: Empieza nicappcronoMaintenance
#2020-08-25 01:06:15: Fichero log: /var/www/nic-www.com/datos/web/wp-content/plugins/nicappcrono/logs/nicappcrono-log-2020-08-19.log -> 19-08-2020 23:05:44
#2020-08-25 01:06:15: Fichero log: /var/www/nic-www.com/datos/web/wp-content/plugins/nicappcrono/logs/nicappcrono-log-2020-08-20.log -> 20-08-2020 23:20:07
#2020-08-25 01:06:15: Fichero log: /var/www/nic-www.com/datos/web/wp-content/plugins/nicappcrono/logs/nicappcrono-log-2020-08-21.log -> 21-08-2020 23:07:13
#2020-08-25 01:06:15: Fichero log: /var/www/nic-www.com/datos/web/wp-content/plugins/nicappcrono/logs/nicappcrono-log-2020-08-22.log -> 22-08-2020 23:17:56
#2020-08-25 01:06:15: Fichero log: /var/www/nic-www.com/datos/web/wp-content/plugins/nicappcrono/logs/nicappcrono-log-2020-08-23.log -> 23-08-2020 23:20:09
#2020-08-25 01:06:15: Fichero log: /var/www/nic-www.com/datos/web/wp-content/plugins/nicappcrono/logs/nicappcrono-log-2020-08-24.log -> 24-08-2020 23:20:09
#2020-08-25 01:06:15: Fichero log: /var/www/nic-www.com/datos/web/wp-content/plugins/nicappcrono/logs/nicappcrono-log-2020-08-25.log -> 25-08-2020 01:06:15
#2020-08-25 01:06:15: Finaliza nicappcronoMaintenance
#2020-08-25 01:06:15: Empieza sesion cron UpdateMasterCalendar
#2020-08-25 01:06:16: Calendario $postID: 4998
#2020-08-25 01:06:18: Calendario $postID: 4997
#2020-08-25 01:06:20: Finaliza sesion cron UpdateMasterCalendar
#2020-08-25 02:05:48: Empieza nicappcronoMaintenance
#2020-08-25 02:05:48: Fichero log: /var/www/nic-www.com/datos/web/wp-content/plugins/nicappcrono/logs/nicappcrono-log-2020-08-19.log -> 19-08-2020 23:05:44
#2020-08-25 02:05:48: Fichero log: /var/www/nic-www.com/datos/web/wp-content/plugins/nicappcrono/logs/nicappcrono-log-2020-08-20.log -> 20-08-2020 23:20:07
#2020-08-25 02:05:48: Fichero log: /var/www/nic-www.com/datos/web/wp-content/plugins/nicappcrono/logs/nicappcrono-log-2020-08-21.log -> 21-08-2020 23:07:13
#2020-08-25 02:05:48: Fichero log: /var/www/nic-www.com/datos/web/wp-content/plugins/nicappcrono/logs/nicappcrono-log-2020-08-22.log -> 22-08-2020 23:17:56
#2020-08-25 02:05:48: Fichero log: /var/www/nic-www.com/datos/web/wp-content/plugins/nicappcrono/logs/nicappcrono-log-2020-08-23.log -> 23-08-2020 23:20:09
#2020-08-25 02:05:48: Fichero log: /var/www/nic-www.com/datos/web/wp-content/plugins/nicappcrono/logs/nicappcrono-log-2020-08-24.log -> 24-08-2020 23:20:09
#2020-08-25 02:05:48: Fichero log: /var/www/nic-www.com/datos/web/wp-content/plugins/nicappcrono/logs/nicappcrono-log-2020-08-25.log -> 25-08-2020 02:05:48
#2020-08-25 02:05:48: Finaliza nicappcronoMaintenance
#2020-08-25 02:05:48: Empieza sesion cron UpdateMasterCalendar
#2020-08-25 02:05:49: Calendario $postID: 4998
#2020-08-25 02:05:51: Calendario $postID: 4997
#2020-08-25 02:05:53: Finaliza sesion cron UpdateMasterCalendar
#2020-08-25 03:20:04: Empieza nicappcronoMaintenance
#2020-08-25 03:20:04: Fichero log: /var/www/nic-www.com/datos/web/wp-content/plugins/nicappcrono/logs/nicappcrono-log-2020-08-19.log -> 19-08-2020 23:05:44
#2020-08-25 03:20:04: Fichero log: /var/www/nic-www.com/datos/web/wp-content/plugins/nicappcrono/logs/nicappcrono-log-2020-08-20.log -> 20-08-2020 23:20:07
#2020-08-25 03:20:04: Fichero log: /var/www/nic-www.com/datos/web/wp-content/plugins/nicappcrono/logs/nicappcrono-log-2020-08-21.log -> 21-08-2020 23:07:13
#2020-08-25 03:20:04: Fichero log: /var/www/nic-www.com/datos/web/wp-content/plugins/nicappcrono/logs/nicappcrono-log-2020-08-22.log -> 22-08-2020 23:17:56
#2020-08-25 03:20:04: Fichero log: /var/www/nic-www.com/datos/web/wp-content/plugins/nicappcrono/logs/nicappcrono-log-2020-08-23.log -> 23-08-2020 23:20:09
#2020-08-25 03:20:04: Fichero log: /var/www/nic-www.com/datos/web/wp-content/plugins/nicappcrono/logs/nicappcrono-log-2020-08-24.log -> 24-08-2020 23:20:09
#2020-08-25 03:20:04: Fichero log: /var/www/nic-www.com/datos/web/wp-content/plugins/nicappcrono/logs/nicappcrono-log-2020-08-25.log -> 25-08-2020 03:20:04
#2020-08-25 03:20:04: Finaliza nicappcronoMaintenance
#2020-08-25 03:20:04: Empieza sesion cron UpdateMasterCalendar
#2020-08-25 03:20:05: Calendario $postID: 4997
#2020-08-25 03:20:06: Calendario $postID: 4998
#2020-08-25 03:20:08: Finaliza sesion cron UpdateMasterCalendar
#2020-08-25 04:09:32: Empieza nicappcronoMaintenance
#2020-08-25 04:09:32: Fichero log: /var/www/nic-www.com/datos/web/wp-content/plugins/nicappcrono/logs/nicappcrono-log-2020-08-19.log -> 19-08-2020 23:05:44
#2020-08-25 04:09:32: Fichero log: /var/www/nic-www.com/datos/web/wp-content/plugins/nicappcrono/logs/nicappcrono-log-2020-08-20.log -> 20-08-2020 23:20:07
#2020-08-25 04:09:32: Fichero log: /var/www/nic-www.com/datos/web/wp-content/plugins/nicappcrono/logs/nicappcrono-log-2020-08-21.log -> 21-08-2020 23:07:13
#2020-08-25 04:09:32: Fichero log: /var/www/nic-www.com/datos/web/wp-content/plugins/nicappcrono/logs/nicappcrono-log-2020-08-22.log -> 22-08-2020 23:17:56
#2020-08-25 04:09:32: Fichero log: /var/www/nic-www.com/datos/web/wp-content/plugins/nicappcrono/logs/nicappcrono-log-2020-08-23.log -> 23-08-2020 23:20:09
#2020-08-25 04:09:32: Fichero log: /var/www/nic-www.com/datos/web/wp-content/plugins/nicappcrono/logs/nicappcrono-log-2020-08-24.log -> 24-08-2020 23:20:09
#2020-08-25 04:09:32: Fichero log: /var/www/nic-www.com/datos/web/wp-content/plugins/nicappcrono/logs/nicappcrono-log-2020-08-25.log -> 25-08-2020 04:09:32
#2020-08-25 04:09:32: Finaliza nicappcronoMaintenance
#2020-08-25 04:09:32: Empieza sesion cron UpdateMasterCalendar
#2020-08-25 04:09:33: Calendario $postID: 4998
#2020-08-25 04:09:35: Calendario $postID: 4997
#2020-08-25 04:09:36: Finaliza sesion cron UpdateMasterCalendar
#2020-08-25 05:20:04: Empieza nicappcronoMaintenance
#2020-08-25 05:20:04: Fichero log: /var/www/nic-www.com/datos/web/wp-content/plugins/nicappcrono/logs/nicappcrono-log-2020-08-19.log -> 19-08-2020 23:05:44
#2020-08-25 05:20:04: Fichero log: /var/www/nic-www.com/datos/web/wp-content/plugins/nicappcrono/logs/nicappcrono-log-2020-08-20.log -> 20-08-2020 23:20:07
#2020-08-25 05:20:04: Fichero log: /var/www/nic-www.com/datos/web/wp-content/plugins/nicappcrono/logs/nicappcrono-log-2020-08-21.log -> 21-08-2020 23:07:13
#2020-08-25 05:20:04: Fichero log: /var/www/nic-www.com/datos/web/wp-content/plugins/nicappcrono/logs/nicappcrono-log-2020-08-22.log -> 22-08-2020 23:17:56
#2020-08-25 05:20:04: Fichero log: /var/www/nic-www.com/datos/web/wp-content/plugins/nicappcrono/logs/nicappcrono-log-2020-08-23.log -> 23-08-2020 23:20:09
#2020-08-25 05:20:04: Fichero log: /var/www/nic-www.com/datos/web/wp-content/plugins/nicappcrono/logs/nicappcrono-log-2020-08-24.log -> 24-08-2020 23:20:09
#2020-08-25 05:20:04: Fichero log: /var/www/nic-www.com/datos/web/wp-content/plugins/nicappcrono/logs/nicappcrono-log-2020-08-25.log -> 25-08-2020 05:20:04
#2020-08-25 05:20:04: Finaliza nicappcronoMaintenance
#2020-08-25 05:20:04: Empieza sesion cron UpdateMasterCalendar
#2020-08-25 05:20:05: Calendario $postID: 4997
#2020-08-25 05:20:07: Calendario $postID: 4998
#2020-08-25 05:20:08: Finaliza sesion cron UpdateMasterCalendar
#2020-08-25 06:14:00: Empieza nicappcronoMaintenance
#2020-08-25 06:14:00: Fichero log: /var/www/nic-www.com/datos/web/wp-content/plugins/nicappcrono/logs/nicappcrono-log-2020-08-19.log -> 19-08-2020 23:05:44
#2020-08-25 06:14:00: Fichero log: /var/www/nic-www.com/datos/web/wp-content/plugins/nicappcrono/logs/nicappcrono-log-2020-08-20.log -> 20-08-2020 23:20:07
#2020-08-25 06:14:00: Fichero log: /var/www/nic-www.com/datos/web/wp-content/plugins/nicappcrono/logs/nicappcrono-log-2020-08-21.log -> 21-08-2020 23:07:13
#2020-08-25 06:14:00: Fichero log: /var/www/nic-www.com/datos/web/wp-content/plugins/nicappcrono/logs/nicappcrono-log-2020-08-22.log -> 22-08-2020 23:17:56
#2020-08-25 06:14:00: Fichero log: /var/www/nic-www.com/datos/web/wp-content/plugins/nicappcrono/logs/nicappcrono-log-2020-08-23.log -> 23-08-2020 23:20:09
#2020-08-25 06:14:00: Fichero log: /var/www/nic-www.com/datos/web/wp-content/plugins/nicappcrono/logs/nicappcrono-log-2020-08-24.log -> 24-08-2020 23:20:09
#2020-08-25 06:14:00: Fichero log: /var/www/nic-www.com/datos/web/wp-content/plugins/nicappcrono/logs/nicappcrono-log-2020-08-25.log -> 25-08-2020 06:14:00
#2020-08-25 06:14:00: Finaliza nicappcronoMaintenance
#2020-08-25 06:14:00: Empieza sesion cron UpdateMasterCalendar
#2020-08-25 06:14:01: Calendario $postID: 4998
#2020-08-25 06:14:03: Calendario $postID: 4997
#2020-08-25 06:14:05: Finaliza sesion cron UpdateMasterCalendar
#2020-08-25 07:20:04: Empieza nicappcronoMaintenance
#2020-08-25 07:20:04: Fichero log: /var/www/nic-www.com/datos/web/wp-content/plugins/nicappcrono/logs/nicappcrono-log-2020-08-19.log -> 19-08-2020 23:05:44
#2020-08-25 07:20:04: Fichero log: /var/www/nic-www.com/datos/web/wp-content/plugins/nicappcrono/logs/nicappcrono-log-2020-08-20.log -> 20-08-2020 23:20:07
#2020-08-25 07:20:04: Fichero log: /var/www/nic-www.com/datos/web/wp-content/plugins/nicappcrono/logs/nicappcrono-log-2020-08-21.log -> 21-08-2020 23:07:13
#2020-08-25 07:20:04: Fichero log: /var/www/nic-www.com/datos/web/wp-content/plugins/nicappcrono/logs/nicappcrono-log-2020-08-22.log -> 22-08-2020 23:17:56
#2020-08-25 07:20:04: Fichero log: /var/www/nic-www.com/datos/web/wp-content/plugins/nicappcrono/logs/nicappcrono-log-2020-08-23.log -> 23-08-2020 23:20:09
#2020-08-25 07:20:04: Fichero log: /var/www/nic-www.com/datos/web/wp-content/plugins/nicappcrono/logs/nicappcrono-log-2020-08-24.log -> 24-08-2020 23:20:09
#2020-08-25 07:20:04: Fichero log: /var/www/nic-www.com/datos/web/wp-content/plugins/nicappcrono/logs/nicappcrono-log-2020-08-25.log -> 25-08-2020 07:20:04
#2020-08-25 07:20:04: Finaliza nicappcronoMaintenance
#2020-08-25 07:20:04: Empieza sesion cron UpdateMasterCalendar
#2020-08-25 07:20:05: Calendario $postID: 4997
#2020-08-25 07:20:08: Calendario $postID: 4998
#2020-08-25 07:20:10: Finaliza sesion cron UpdateMasterCalendar
#2020-08-25 08:20:04: Empieza nicappcronoMaintenance
#2020-08-25 08:20:04: Fichero log: /var/www/nic-www.com/datos/web/wp-content/plugins/nicappcrono/logs/nicappcrono-log-2020-08-19.log -> 19-08-2020 23:05:44
#2020-08-25 08:20:04: Fichero log: /var/www/nic-www.com/datos/web/wp-content/plugins/nicappcrono/logs/nicappcrono-log-2020-08-20.log -> 20-08-2020 23:20:07
#2020-08-25 08:20:04: Fichero log: /var/www/nic-www.com/datos/web/wp-content/plugins/nicappcrono/logs/nicappcrono-log-2020-08-21.log -> 21-08-2020 23:07:13
#2020-08-25 08:20:04: Fichero log: /var/www/nic-www.com/datos/web/wp-content/plugins/nicappcrono/logs/nicappcrono-log-2020-08-22.log -> 22-08-2020 23:17:56
#2020-08-25 08:20:04: Fichero log: /var/www/nic-www.com/datos/web/wp-content/plugins/nicappcrono/logs/nicappcrono-log-2020-08-23.log -> 23-08-2020 23:20:09
#2020-08-25 08:20:04: Fichero log: /var/www/nic-www.com/datos/web/wp-content/plugins/nicappcrono/logs/nicappcrono-log-2020-08-24.log -> 24-08-2020 23:20:09
#2020-08-25 08:20:04: Fichero log: /var/www/nic-www.com/datos/web/wp-content/plugins/nicappcrono/logs/nicappcrono-log-2020-08-25.log -> 25-08-2020 08:20:04
#2020-08-25 08:20:04: Finaliza nicappcronoMaintenance
#2020-08-25 08:20:04: Empieza sesion cron UpdateMasterCalendar
#2020-08-25 08:20:05: Calendario $postID: 4998
#2020-08-25 08:20:07: Calendario $postID: 4997
#2020-08-25 08:20:09: Finaliza sesion cron UpdateMasterCalendar
#2020-08-25 09:20:04: Empieza nicappcronoMaintenance
#2020-08-25 09:20:04: Fichero log: /var/www/nic-www.com/datos/web/wp-content/plugins/nicappcrono/logs/nicappcrono-log-2020-08-19.log -> 19-08-2020 23:05:44
#2020-08-25 09:20:04: Fichero log: /var/www/nic-www.com/datos/web/wp-content/plugins/nicappcrono/logs/nicappcrono-log-2020-08-20.log -> 20-08-2020 23:20:07
#2020-08-25 09:20:04: Fichero log: /var/www/nic-www.com/datos/web/wp-content/plugins/nicappcrono/logs/nicappcrono-log-2020-08-21.log -> 21-08-2020 23:07:13
#2020-08-25 09:20:04: Fichero log: /var/www/nic-www.com/datos/web/wp-content/plugins/nicappcrono/logs/nicappcrono-log-2020-08-22.log -> 22-08-2020 23:17:56
#2020-08-25 09:20:04: Fichero log: /var/www/nic-www.com/datos/web/wp-content/plugins/nicappcrono/logs/nicappcrono-log-2020-08-23.log -> 23-08-2020 23:20:09
#2020-08-25 09:20:04: Fichero log: /var/www/nic-www.com/datos/web/wp-content/plugins/nicappcrono/logs/nicappcrono-log-2020-08-24.log -> 24-08-2020 23:20:09
#2020-08-25 09:20:04: Fichero log: /var/www/nic-www.com/datos/web/wp-content/plugins/nicappcrono/logs/nicappcrono-log-2020-08-25.log -> 25-08-2020 09:20:04
#2020-08-25 09:20:04: Finaliza nicappcronoMaintenance
#2020-08-25 09:20:04: Empieza sesion cron UpdateMasterCalendar
#2020-08-25 09:20:05: Calendario $postID: 4998
#2020-08-25 09:20:07: Calendario $postID: 4997
#2020-08-25 09:20:08: Finaliza sesion cron UpdateMasterCalendar
#2020-08-25 10:20:05: Empieza nicappcronoMaintenance
#2020-08-25 10:20:05: Fichero log: /var/www/nic-www.com/datos/web/wp-content/plugins/nicappcrono/logs/nicappcrono-log-2020-08-19.log -> 19-08-2020 23:05:44
#2020-08-25 10:20:05: Fichero log: /var/www/nic-www.com/datos/web/wp-content/plugins/nicappcrono/logs/nicappcrono-log-2020-08-20.log -> 20-08-2020 23:20:07
#2020-08-25 10:20:05: Fichero log: /var/www/nic-www.com/datos/web/wp-content/plugins/nicappcrono/logs/nicappcrono-log-2020-08-21.log -> 21-08-2020 23:07:13
#2020-08-25 10:20:05: Fichero log: /var/www/nic-www.com/datos/web/wp-content/plugins/nicappcrono/logs/nicappcrono-log-2020-08-22.log -> 22-08-2020 23:17:56
#2020-08-25 10:20:05: Fichero log: /var/www/nic-www.com/datos/web/wp-content/plugins/nicappcrono/logs/nicappcrono-log-2020-08-23.log -> 23-08-2020 23:20:09
#2020-08-25 10:20:05: Fichero log: /var/www/nic-www.com/datos/web/wp-content/plugins/nicappcrono/logs/nicappcrono-log-2020-08-24.log -> 24-08-2020 23:20:09
#2020-08-25 10:20:05: Fichero log: /var/www/nic-www.com/datos/web/wp-content/plugins/nicappcrono/logs/nicappcrono-log-2020-08-25.log -> 25-08-2020 10:20:05
#2020-08-25 10:20:05: Finaliza nicappcronoMaintenance
#2020-08-25 10:20:05: Empieza sesion cron UpdateMasterCalendar
#2020-08-25 10:20:06: Calendario $postID: 4997
#2020-08-25 10:20:08: Calendario $postID: 4998
#2020-08-25 10:20:10: Finaliza sesion cron UpdateMasterCalendar
#2020-08-25 11:05:56: Empieza nicappcronoMaintenance
#2020-08-25 11:05:56: Fichero log: /var/www/nic-www.com/datos/web/wp-content/plugins/nicappcrono/logs/nicappcrono-log-2020-08-19.log -> 19-08-2020 23:05:44
#2020-08-25 11:05:56: Fichero log: /var/www/nic-www.com/datos/web/wp-content/plugins/nicappcrono/logs/nicappcrono-log-2020-08-20.log -> 20-08-2020 23:20:07
#2020-08-25 11:05:56: Fichero log: /var/www/nic-www.com/datos/web/wp-content/plugins/nicappcrono/logs/nicappcrono-log-2020-08-21.log -> 21-08-2020 23:07:13
#2020-08-25 11:05:56: Fichero log: /var/www/nic-www.com/datos/web/wp-content/plugins/nicappcrono/logs/nicappcrono-log-2020-08-22.log -> 22-08-2020 23:17:56
#2020-08-25 11:05:56: Fichero log: /var/www/nic-www.com/datos/web/wp-content/plugins/nicappcrono/logs/nicappcrono-log-2020-08-23.log -> 23-08-2020 23:20:09
#2020-08-25 11:05:56: Fichero log: /var/www/nic-www.com/datos/web/wp-content/plugins/nicappcrono/logs/nicappcrono-log-2020-08-24.log -> 24-08-2020 23:20:09
#2020-08-25 11:05:56: Fichero log: /var/www/nic-www.com/datos/web/wp-content/plugins/nicappcrono/logs/nicappcrono-log-2020-08-25.log -> 25-08-2020 11:05:56
#2020-08-25 11:05:56: Finaliza nicappcronoMaintenance
#2020-08-25 11:05:56: Empieza sesion cron UpdateMasterCalendar
#2020-08-25 11:05:57: Calendario $postID: 4998
#2020-08-25 11:05:59: Calendario $postID: 4997
#2020-08-25 11:06:01: Finaliza sesion cron UpdateMasterCalendar
#2020-08-25 12:05:41: Empieza nicappcronoMaintenance
#2020-08-25 12:05:41: Fichero log: /var/www/nic-www.com/datos/web/wp-content/plugins/nicappcrono/logs/nicappcrono-log-2020-08-19.log -> 19-08-2020 23:05:44
#2020-08-25 12:05:41: Fichero log: /var/www/nic-www.com/datos/web/wp-content/plugins/nicappcrono/logs/nicappcrono-log-2020-08-20.log -> 20-08-2020 23:20:07
#2020-08-25 12:05:41: Fichero log: /var/www/nic-www.com/datos/web/wp-content/plugins/nicappcrono/logs/nicappcrono-log-2020-08-21.log -> 21-08-2020 23:07:13
#2020-08-25 12:05:41: Fichero log: /var/www/nic-www.com/datos/web/wp-content/plugins/nicappcrono/logs/nicappcrono-log-2020-08-22.log -> 22-08-2020 23:17:56
#2020-08-25 12:05:41: Fichero log: /var/www/nic-www.com/datos/web/wp-content/plugins/nicappcrono/logs/nicappcrono-log-2020-08-23.log -> 23-08-2020 23:20:09
#2020-08-25 12:05:41: Fichero log: /var/www/nic-www.com/datos/web/wp-content/plugins/nicappcrono/logs/nicappcrono-log-2020-08-24.log -> 24-08-2020 23:20:09
#2020-08-25 12:05:41: Fichero log: /var/www/nic-www.com/datos/web/wp-content/plugins/nicappcrono/logs/nicappcrono-log-2020-08-25.log -> 25-08-2020 12:05:41
#2020-08-25 12:05:41: Finaliza nicappcronoMaintenance
#2020-08-25 12:05:41: Empieza sesion cron UpdateMasterCalendar
#2020-08-25 12:05:42: Calendario $postID: 4997
#2020-08-25 12:05:44: Calendario $postID: 4998
#2020-08-25 12:05:46: Finaliza sesion cron UpdateMasterCalendar
#2020-08-25 13:05:38: Empieza nicappcronoMaintenance
#2020-08-25 13:05:38: Fichero log: /var/www/nic-www.com/datos/web/wp-content/plugins/nicappcrono/logs/nicappcrono-log-2020-08-19.log -> 19-08-2020 23:05:44
#2020-08-25 13:05:38: Fichero log: /var/www/nic-www.com/datos/web/wp-content/plugins/nicappcrono/logs/nicappcrono-log-2020-08-20.log -> 20-08-2020 23:20:07
#2020-08-25 13:05:38: Fichero log: /var/www/nic-www.com/datos/web/wp-content/plugins/nicappcrono/logs/nicappcrono-log-2020-08-21.log -> 21-08-2020 23:07:13
#2020-08-25 13:05:38: Fichero log: /var/www/nic-www.com/datos/web/wp-content/plugins/nicappcrono/logs/nicappcrono-log-2020-08-22.log -> 22-08-2020 23:17:56
#2020-08-25 13:05:38: Fichero log: /var/www/nic-www.com/datos/web/wp-content/plugins/nicappcrono/logs/nicappcrono-log-2020-08-23.log -> 23-08-2020 23:20:09
#2020-08-25 13:05:38: Fichero log: /var/www/nic-www.com/datos/web/wp-content/plugins/nicappcrono/logs/nicappcrono-log-2020-08-24.log -> 24-08-2020 23:20:09
#2020-08-25 13:05:38: Fichero log: /var/www/nic-www.com/datos/web/wp-content/plugins/nicappcrono/logs/nicappcrono-log-2020-08-25.log -> 25-08-2020 13:05:38
#2020-08-25 13:05:38: Finaliza nicappcronoMaintenance
#2020-08-25 13:05:38: Empieza sesion cron UpdateMasterCalendar
#2020-08-25 13:05:39: Calendario $postID: 4998
#2020-08-25 13:05:41: Calendario $postID: 4997
#2020-08-25 13:05:42: Finaliza sesion cron UpdateMasterCalendar
#2020-08-25 14:20:06: Empieza nicappcronoMaintenance
#2020-08-25 14:20:06: Fichero log: /var/www/nic-www.com/datos/web/wp-content/plugins/nicappcrono/logs/nicappcrono-log-2020-08-19.log -> 19-08-2020 23:05:44
#2020-08-25 14:20:06: Fichero log: /var/www/nic-www.com/datos/web/wp-content/plugins/nicappcrono/logs/nicappcrono-log-2020-08-20.log -> 20-08-2020 23:20:07
#2020-08-25 14:20:06: Fichero log: /var/www/nic-www.com/datos/web/wp-content/plugins/nicappcrono/logs/nicappcrono-log-2020-08-21.log -> 21-08-2020 23:07:13
#2020-08-25 14:20:06: Fichero log: /var/www/nic-www.com/datos/web/wp-content/plugins/nicappcrono/logs/nicappcrono-log-2020-08-22.log -> 22-08-2020 23:17:56
#2020-08-25 14:20:06: Fichero log: /var/www/nic-www.com/datos/web/wp-content/plugins/nicappcrono/logs/nicappcrono-log-2020-08-23.log -> 23-08-2020 23:20:09
#2020-08-25 14:20:06: Fichero log: /var/www/nic-www.com/datos/web/wp-content/plugins/nicappcrono/logs/nicappcrono-log-2020-08-24.log -> 24-08-2020 23:20:09
#2020-08-25 14:20:06: Fichero log: /var/www/nic-www.com/datos/web/wp-content/plugins/nicappcrono/logs/nicappcrono-log-2020-08-25.log -> 25-08-2020 14:20:06
#2020-08-25 14:20:06: Finaliza nicappcronoMaintenance
#2020-08-25 14:20:06: Empieza sesion cron UpdateMasterCalendar
#2020-08-25 14:20:07: Calendario $postID: 4997
#2020-08-25 14:20:09: Calendario $postID: 4998
#2020-08-25 14:20:11: Finaliza sesion cron UpdateMasterCalendar
#2020-08-25 15:20:06: Empieza nicappcronoMaintenance
#2020-08-25 15:20:06: Fichero log: /var/www/nic-www.com/datos/web/wp-content/plugins/nicappcrono/logs/nicappcrono-log-2020-08-19.log -> 19-08-2020 23:05:44
#2020-08-25 15:20:06: Fichero log: /var/www/nic-www.com/datos/web/wp-content/plugins/nicappcrono/logs/nicappcrono-log-2020-08-20.log -> 20-08-2020 23:20:07
#2020-08-25 15:20:06: Fichero log: /var/www/nic-www.com/datos/web/wp-content/plugins/nicappcrono/logs/nicappcrono-log-2020-08-21.log -> 21-08-2020 23:07:13
#2020-08-25 15:20:06: Fichero log: /var/www/nic-www.com/datos/web/wp-content/plugins/nicappcrono/logs/nicappcrono-log-2020-08-22.log -> 22-08-2020 23:17:56
#2020-08-25 15:20:06: Fichero log: /var/www/nic-www.com/datos/web/wp-content/plugins/nicappcrono/logs/nicappcrono-log-2020-08-23.log -> 23-08-2020 23:20:09
#2020-08-25 15:20:06: Fichero log: /var/www/nic-www.com/datos/web/wp-content/plugins/nicappcrono/logs/nicappcrono-log-2020-08-24.log -> 24-08-2020 23:20:09
#2020-08-25 15:20:06: Fichero log: /var/www/nic-www.com/datos/web/wp-content/plugins/nicappcrono/logs/nicappcrono-log-2020-08-25.log -> 25-08-2020 15:20:06
#2020-08-25 15:20:06: Finaliza nicappcronoMaintenance
#2020-08-25 15:20:06: Empieza sesion cron UpdateMasterCalendar
#2020-08-25 15:20:07: Calendario $postID: 4998
#2020-08-25 15:20:08: Calendario $postID: 4997
#2020-08-25 15:20:10: Finaliza sesion cron UpdateMasterCalendar
#2020-08-25 16:20:05: Empieza nicappcronoMaintenance
#2020-08-25 16:20:05: Fichero log: /var/www/nic-www.com/datos/web/wp-content/plugins/nicappcrono/logs/nicappcrono-log-2020-08-19.log -> 19-08-2020 23:05:44
#2020-08-25 16:20:05: Fichero log: /var/www/nic-www.com/datos/web/wp-content/plugins/nicappcrono/logs/nicappcrono-log-2020-08-20.log -> 20-08-2020 23:20:07
#2020-08-25 16:20:05: Fichero log: /var/www/nic-www.com/datos/web/wp-content/plugins/nicappcrono/logs/nicappcrono-log-2020-08-21.log -> 21-08-2020 23:07:13
#2020-08-25 16:20:05: Fichero log: /var/www/nic-www.com/datos/web/wp-content/plugins/nicappcrono/logs/nicappcrono-log-2020-08-22.log -> 22-08-2020 23:17:56
#2020-08-25 16:20:05: Fichero log: /var/www/nic-www.com/datos/web/wp-content/plugins/nicappcrono/logs/nicappcrono-log-2020-08-23.log -> 23-08-2020 23:20:09
#2020-08-25 16:20:05: Fichero log: /var/www/nic-www.com/datos/web/wp-content/plugins/nicappcrono/logs/nicappcrono-log-2020-08-24.log -> 24-08-2020 23:20:09
#2020-08-25 16:20:05: Fichero log: /var/www/nic-www.com/datos/web/wp-content/plugins/nicappcrono/logs/nicappcrono-log-2020-08-25.log -> 25-08-2020 16:20:05
#2020-08-25 16:20:05: Finaliza nicappcronoMaintenance
#2020-08-25 16:20:05: Empieza sesion cron UpdateMasterCalendar
#2020-08-25 16:20:06: Calendario $postID: 4998
#2020-08-25 16:20:09: Calendario $postID: 4997
#2020-08-25 16:20:10: Finaliza sesion cron UpdateMasterCalendar
#2020-08-25 17:20:05: Empieza nicappcronoMaintenance
#2020-08-25 17:20:05: Fichero log: /var/www/nic-www.com/datos/web/wp-content/plugins/nicappcrono/logs/nicappcrono-log-2020-08-19.log -> 19-08-2020 23:05:44
#2020-08-25 17:20:05: Fichero log: /var/www/nic-www.com/datos/web/wp-content/plugins/nicappcrono/logs/nicappcrono-log-2020-08-20.log -> 20-08-2020 23:20:07
#2020-08-25 17:20:05: Fichero log: /var/www/nic-www.com/datos/web/wp-content/plugins/nicappcrono/logs/nicappcrono-log-2020-08-21.log -> 21-08-2020 23:07:13
#2020-08-25 17:20:05: Fichero log: /var/www/nic-www.com/datos/web/wp-content/plugins/nicappcrono/logs/nicappcrono-log-2020-08-22.log -> 22-08-2020 23:17:56
#2020-08-25 17:20:05: Fichero log: /var/www/nic-www.com/datos/web/wp-content/plugins/nicappcrono/logs/nicappcrono-log-2020-08-23.log -> 23-08-2020 23:20:09
#2020-08-25 17:20:05: Fichero log: /var/www/nic-www.com/datos/web/wp-content/plugins/nicappcrono/logs/nicappcrono-log-2020-08-24.log -> 24-08-2020 23:20:09
#2020-08-25 17:20:05: Fichero log: /var/www/nic-www.com/datos/web/wp-content/plugins/nicappcrono/logs/nicappcrono-log-2020-08-25.log -> 25-08-2020 17:20:05
#2020-08-25 17:20:05: Finaliza nicappcronoMaintenance
#2020-08-25 17:20:05: Empieza sesion cron UpdateMasterCalendar
#2020-08-25 17:20:06: Calendario $postID: 4997
#2020-08-25 17:20:08: Calendario $postID: 4998
#2020-08-25 17:20:10: Finaliza sesion cron UpdateMasterCalendar
#2020-08-25 18:20:06: Empieza nicappcronoMaintenance
#2020-08-25 18:20:06: Fichero log: /var/www/nic-www.com/datos/web/wp-content/plugins/nicappcrono/logs/nicappcrono-log-2020-08-19.log -> 19-08-2020 23:05:44
#2020-08-25 18:20:06: Fichero log: /var/www/nic-www.com/datos/web/wp-content/plugins/nicappcrono/logs/nicappcrono-log-2020-08-20.log -> 20-08-2020 23:20:07
#2020-08-25 18:20:06: Fichero log: /var/www/nic-www.com/datos/web/wp-content/plugins/nicappcrono/logs/nicappcrono-log-2020-08-21.log -> 21-08-2020 23:07:13
#2020-08-25 18:20:06: Fichero log: /var/www/nic-www.com/datos/web/wp-content/plugins/nicappcrono/logs/nicappcrono-log-2020-08-22.log -> 22-08-2020 23:17:56
#2020-08-25 18:20:06: Fichero log: /var/www/nic-www.com/datos/web/wp-content/plugins/nicappcrono/logs/nicappcrono-log-2020-08-23.log -> 23-08-2020 23:20:09
#2020-08-25 18:20:06: Fichero log: /var/www/nic-www.com/datos/web/wp-content/plugins/nicappcrono/logs/nicappcrono-log-2020-08-24.log -> 24-08-2020 23:20:09
#2020-08-25 18:20:06: Fichero log: /var/www/nic-www.com/datos/web/wp-content/plugins/nicappcrono/logs/nicappcrono-log-2020-08-25.log -> 25-08-2020 18:20:06
#2020-08-25 18:20:06: Finaliza nicappcronoMaintenance
#2020-08-25 18:20:06: Empieza sesion cron UpdateMasterCalendar
#2020-08-25 18:20:07: Calendario $postID: 4998
#2020-08-25 18:20:09: Calendario $postID: 4997
#2020-08-25 18:20:11: Finaliza sesion cron UpdateMasterCalendar
#2020-08-25 19:20:05: Empieza nicappcronoMaintenance
#2020-08-25 19:20:05: Fichero log: /var/www/nic-www.com/datos/web/wp-content/plugins/nicappcrono/logs/nicappcrono-log-2020-08-19.log -> 19-08-2020 23:05:44
#2020-08-25 19:20:05: Fichero log: /var/www/nic-www.com/datos/web/wp-content/plugins/nicappcrono/logs/nicappcrono-log-2020-08-20.log -> 20-08-2020 23:20:07
#2020-08-25 19:20:05: Fichero log: /var/www/nic-www.com/datos/web/wp-content/plugins/nicappcrono/logs/nicappcrono-log-2020-08-21.log -> 21-08-2020 23:07:13
#2020-08-25 19:20:05: Fichero log: /var/www/nic-www.com/datos/web/wp-content/plugins/nicappcrono/logs/nicappcrono-log-2020-08-22.log -> 22-08-2020 23:17:56
#2020-08-25 19:20:05: Fichero log: /var/www/nic-www.com/datos/web/wp-content/plugins/nicappcrono/logs/nicappcrono-log-2020-08-23.log -> 23-08-2020 23:20:09
#2020-08-25 19:20:05: Fichero log: /var/www/nic-www.com/datos/web/wp-content/plugins/nicappcrono/logs/nicappcrono-log-2020-08-24.log -> 24-08-2020 23:20:09
#2020-08-25 19:20:05: Fichero log: /var/www/nic-www.com/datos/web/wp-content/plugins/nicappcrono/logs/nicappcrono-log-2020-08-25.log -> 25-08-2020 19:20:05
#2020-08-25 19:20:05: Finaliza nicappcronoMaintenance
#2020-08-25 19:20:05: Empieza sesion cron UpdateMasterCalendar
#2020-08-25 19:20:07: Calendario $postID: 4997
#2020-08-25 19:20:08: Calendario $postID: 4998
#2020-08-25 19:20:10: Finaliza sesion cron UpdateMasterCalendar
#2020-08-25 20:20:06: Empieza nicappcronoMaintenance
#2020-08-25 20:20:06: Fichero log: /var/www/nic-www.com/datos/web/wp-content/plugins/nicappcrono/logs/nicappcrono-log-2020-08-19.log -> 19-08-2020 23:05:44
#2020-08-25 20:20:06: Fichero log: /var/www/nic-www.com/datos/web/wp-content/plugins/nicappcrono/logs/nicappcrono-log-2020-08-20.log -> 20-08-2020 23:20:07
#2020-08-25 20:20:06: Fichero log: /var/www/nic-www.com/datos/web/wp-content/plugins/nicappcrono/logs/nicappcrono-log-2020-08-21.log -> 21-08-2020 23:07:13
#2020-08-25 20:20:06: Fichero log: /var/www/nic-www.com/datos/web/wp-content/plugins/nicappcrono/logs/nicappcrono-log-2020-08-22.log -> 22-08-2020 23:17:56
#2020-08-25 20:20:06: Fichero log: /var/www/nic-www.com/datos/web/wp-content/plugins/nicappcrono/logs/nicappcrono-log-2020-08-23.log -> 23-08-2020 23:20:09
#2020-08-25 20:20:06: Fichero log: /var/www/nic-www.com/datos/web/wp-content/plugins/nicappcrono/logs/nicappcrono-log-2020-08-24.log -> 24-08-2020 23:20:09
#2020-08-25 20:20:06: Fichero log: /var/www/nic-www.com/datos/web/wp-content/plugins/nicappcrono/logs/nicappcrono-log-2020-08-25.log -> 25-08-2020 20:20:06
#2020-08-25 20:20:06: Finaliza nicappcronoMaintenance
#2020-08-25 20:20:06: Empieza sesion cron UpdateMasterCalendar
#2020-08-25 20:20:07: Calendario $postID: 4997
#2020-08-25 20:20:09: Calendario $postID: 4998
#2020-08-25 20:20:11: Finaliza sesion cron UpdateMasterCalendar
#2020-08-25 21:20:05: Empieza nicappcronoMaintenance
#2020-08-25 21:20:05: Fichero log: /var/www/nic-www.com/datos/web/wp-content/plugins/nicappcrono/logs/nicappcrono-log-2020-08-19.log -> 19-08-2020 23:05:44
#2020-08-25 21:20:05: Fichero log: /var/www/nic-www.com/datos/web/wp-content/plugins/nicappcrono/logs/nicappcrono-log-2020-08-20.log -> 20-08-2020 23:20:07
#2020-08-25 21:20:05: Fichero log: /var/www/nic-www.com/datos/web/wp-content/plugins/nicappcrono/logs/nicappcrono-log-2020-08-21.log -> 21-08-2020 23:07:13
#2020-08-25 21:20:05: Fichero log: /var/www/nic-www.com/datos/web/wp-content/plugins/nicappcrono/logs/nicappcrono-log-2020-08-22.log -> 22-08-2020 23:17:56
#2020-08-25 21:20:05: Fichero log: /var/www/nic-www.com/datos/web/wp-content/plugins/nicappcrono/logs/nicappcrono-log-2020-08-23.log -> 23-08-2020 23:20:09
#2020-08-25 21:20:05: Fichero log: /var/www/nic-www.com/datos/web/wp-content/plugins/nicappcrono/logs/nicappcrono-log-2020-08-24.log -> 24-08-2020 23:20:09
#2020-08-25 21:20:05: Fichero log: /var/www/nic-www.com/datos/web/wp-content/plugins/nicappcrono/logs/nicappcrono-log-2020-08-25.log -> 25-08-2020 21:20:05
#2020-08-25 21:20:05: Finaliza nicappcronoMaintenance
#2020-08-25 21:20:05: Empieza sesion cron UpdateMasterCalendar
#2020-08-25 21:20:06: Calendario $postID: 4998
#2020-08-25 21:20:07: Calendario $postID: 4997
#2020-08-25 21:20:09: Finaliza sesion cron UpdateMasterCalendar
#2020-08-25 22:20:05: Empieza nicappcronoMaintenance
#2020-08-25 22:20:05: Fichero log: /var/www/nic-www.com/datos/web/wp-content/plugins/nicappcrono/logs/nicappcrono-log-2020-08-19.log -> 19-08-2020 23:05:44
#2020-08-25 22:20:05: Fichero log: /var/www/nic-www.com/datos/web/wp-content/plugins/nicappcrono/logs/nicappcrono-log-2020-08-20.log -> 20-08-2020 23:20:07
#2020-08-25 22:20:05: Fichero log: /var/www/nic-www.com/datos/web/wp-content/plugins/nicappcrono/logs/nicappcrono-log-2020-08-21.log -> 21-08-2020 23:07:13
#2020-08-25 22:20:05: Fichero log: /var/www/nic-www.com/datos/web/wp-content/plugins/nicappcrono/logs/nicappcrono-log-2020-08-22.log -> 22-08-2020 23:17:56
#2020-08-25 22:20:05: Fichero log: /var/www/nic-www.com/datos/web/wp-content/plugins/nicappcrono/logs/nicappcrono-log-2020-08-23.log -> 23-08-2020 23:20:09
#2020-08-25 22:20:05: Fichero log: /var/www/nic-www.com/datos/web/wp-content/plugins/nicappcrono/logs/nicappcrono-log-2020-08-24.log -> 24-08-2020 23:20:09
#2020-08-25 22:20:05: Fichero log: /var/www/nic-www.com/datos/web/wp-content/plugins/nicappcrono/logs/nicappcrono-log-2020-08-25.log -> 25-08-2020 22:20:05
#2020-08-25 22:20:05: Finaliza nicappcronoMaintenance
#2020-08-25 22:20:05: Empieza sesion cron UpdateMasterCalendar
#2020-08-25 22:20:06: Calendario $postID: 4997
#2020-08-25 22:20:08: Calendario $postID: 4998
#2020-08-25 22:20:10: Finaliza sesion cron UpdateMasterCalendar
#2020-08-25 23:07:39: Empieza nicappcronoMaintenance
#2020-08-25 23:07:39: Fichero log: /var/www/nic-www.com/datos/web/wp-content/plugins/nicappcrono/logs/nicappcrono-log-2020-08-19.log -> 19-08-2020 23:05:44
#2020-08-25 23:07:39: Fichero log: /var/www/nic-www.com/datos/web/wp-content/plugins/nicappcrono/logs/nicappcrono-log-2020-08-20.log -> 20-08-2020 23:20:07
#2020-08-25 23:07:39: Fichero log: /var/www/nic-www.com/datos/web/wp-content/plugins/nicappcrono/logs/nicappcrono-log-2020-08-21.log -> 21-08-2020 23:07:13
#2020-08-25 23:07:39: Fichero log: /var/www/nic-www.com/datos/web/wp-content/plugins/nicappcrono/logs/nicappcrono-log-2020-08-22.log -> 22-08-2020 23:17:56
#2020-08-25 23:07:39: Fichero log: /var/www/nic-www.com/datos/web/wp-content/plugins/nicappcrono/logs/nicappcrono-log-2020-08-23.log -> 23-08-2020 23:20:09
#2020-08-25 23:07:39: Fichero log: /var/www/nic-www.com/datos/web/wp-content/plugins/nicappcrono/logs/nicappcrono-log-2020-08-24.log -> 24-08-2020 23:20:09
#2020-08-25 23:07:39: Fichero log: /var/www/nic-www.com/datos/web/wp-content/plugins/nicappcrono/logs/nicappcrono-log-2020-08-25.log -> 25-08-2020 23:07:39
#2020-08-25 23:07:39: Finaliza nicappcronoMaintenance
#2020-08-25 23:07:39: Empieza sesion cron UpdateMasterCalendar
#2020-08-25 23:07:40: Calendario $postID: 4998
#2020-08-25 23:07:42: Calendario $postID: 4997
#2020-08-25 23:07:44: Finaliza sesion cron UpdateMasterCalendar
