#2020-08-21 00:11:17: Empieza nicappcronoMaintenance
#2020-08-21 00:11:17: Fichero log: /var/www/nic-www.com/datos/web/wp-content/plugins/nicappcrono/logs/nicappcrono-log-2020-08-19.log -> 19-08-2020 23:05:44
#2020-08-21 00:11:17: Fichero log: /var/www/nic-www.com/datos/web/wp-content/plugins/nicappcrono/logs/nicappcrono-log-2020-08-20.log -> 20-08-2020 23:20:07
#2020-08-21 00:11:17: Fichero log: /var/www/nic-www.com/datos/web/wp-content/plugins/nicappcrono/logs/nicappcrono-log-2020-08-21.log -> 21-08-2020 00:11:17
#2020-08-21 00:11:17: Finaliza nicappcronoMaintenance
#2020-08-21 00:11:17: Empieza sesion cron UpdateMasterCalendar
#2020-08-21 00:11:18: Calendario $postID: 4997
#2020-08-21 00:11:19: CreateMasterEvents evento no existente 2020-08-22T08:30:00Z -> 2020-08-22T09:20:00Z
#2020-08-21 00:11:19: Calendario $postID: 4998
#2020-08-21 00:11:20: Finaliza sesion cron UpdateMasterCalendar
#2020-08-21 01:05:35: Empieza nicappcronoMaintenance
#2020-08-21 01:05:35: Fichero log: /var/www/nic-www.com/datos/web/wp-content/plugins/nicappcrono/logs/nicappcrono-log-2020-08-19.log -> 19-08-2020 23:05:44
#2020-08-21 01:05:35: Fichero log: /var/www/nic-www.com/datos/web/wp-content/plugins/nicappcrono/logs/nicappcrono-log-2020-08-20.log -> 20-08-2020 23:20:07
#2020-08-21 01:05:35: Fichero log: /var/www/nic-www.com/datos/web/wp-content/plugins/nicappcrono/logs/nicappcrono-log-2020-08-21.log -> 21-08-2020 01:05:35
#2020-08-21 01:05:35: Finaliza nicappcronoMaintenance
#2020-08-21 01:05:35: Empieza sesion cron UpdateMasterCalendar
#2020-08-21 01:05:36: Calendario $postID: 4997
#2020-08-21 01:05:37: CreateMasterEvents evento no existente 2020-08-22T08:30:00Z -> 2020-08-22T09:20:00Z
#2020-08-21 01:05:37: Calendario $postID: 4998
#2020-08-21 01:05:38: Finaliza sesion cron UpdateMasterCalendar
#2020-08-21 02:07:05: Empieza nicappcronoMaintenance
#2020-08-21 02:07:05: Fichero log: /var/www/nic-www.com/datos/web/wp-content/plugins/nicappcrono/logs/nicappcrono-log-2020-08-19.log -> 19-08-2020 23:05:44
#2020-08-21 02:07:05: Fichero log: /var/www/nic-www.com/datos/web/wp-content/plugins/nicappcrono/logs/nicappcrono-log-2020-08-20.log -> 20-08-2020 23:20:07
#2020-08-21 02:07:05: Fichero log: /var/www/nic-www.com/datos/web/wp-content/plugins/nicappcrono/logs/nicappcrono-log-2020-08-21.log -> 21-08-2020 02:07:05
#2020-08-21 02:07:05: Finaliza nicappcronoMaintenance
#2020-08-21 02:07:05: Empieza sesion cron UpdateMasterCalendar
#2020-08-21 02:07:06: Calendario $postID: 4998
#2020-08-21 02:07:07: Calendario $postID: 4997
#2020-08-21 02:07:08: CreateMasterEvents evento no existente 2020-08-22T08:30:00Z -> 2020-08-22T09:20:00Z
#2020-08-21 02:07:08: Finaliza sesion cron UpdateMasterCalendar
#2020-08-21 03:07:07: Empieza nicappcronoMaintenance
#2020-08-21 03:07:07: Fichero log: /var/www/nic-www.com/datos/web/wp-content/plugins/nicappcrono/logs/nicappcrono-log-2020-08-19.log -> 19-08-2020 23:05:44
#2020-08-21 03:07:07: Fichero log: /var/www/nic-www.com/datos/web/wp-content/plugins/nicappcrono/logs/nicappcrono-log-2020-08-20.log -> 20-08-2020 23:20:07
#2020-08-21 03:07:07: Fichero log: /var/www/nic-www.com/datos/web/wp-content/plugins/nicappcrono/logs/nicappcrono-log-2020-08-21.log -> 21-08-2020 03:07:07
#2020-08-21 03:07:07: Finaliza nicappcronoMaintenance
#2020-08-21 03:07:07: Empieza sesion cron UpdateMasterCalendar
#2020-08-21 03:07:08: Calendario $postID: 4998
#2020-08-21 03:07:09: Calendario $postID: 4997
#2020-08-21 03:07:10: CreateMasterEvents evento no existente 2020-08-22T08:30:00Z -> 2020-08-22T09:20:00Z
#2020-08-21 03:07:10: Finaliza sesion cron UpdateMasterCalendar
#2020-08-21 04:07:05: Empieza nicappcronoMaintenance
#2020-08-21 04:07:05: Fichero log: /var/www/nic-www.com/datos/web/wp-content/plugins/nicappcrono/logs/nicappcrono-log-2020-08-19.log -> 19-08-2020 23:05:44
#2020-08-21 04:07:05: Fichero log: /var/www/nic-www.com/datos/web/wp-content/plugins/nicappcrono/logs/nicappcrono-log-2020-08-20.log -> 20-08-2020 23:20:07
#2020-08-21 04:07:05: Fichero log: /var/www/nic-www.com/datos/web/wp-content/plugins/nicappcrono/logs/nicappcrono-log-2020-08-21.log -> 21-08-2020 04:07:05
#2020-08-21 04:07:05: Finaliza nicappcronoMaintenance
#2020-08-21 04:07:05: Empieza sesion cron UpdateMasterCalendar
#2020-08-21 04:07:06: Calendario $postID: 4997
#2020-08-21 04:07:07: CreateMasterEvents evento no existente 2020-08-22T08:30:00Z -> 2020-08-22T09:20:00Z
#2020-08-21 04:07:07: Calendario $postID: 4998
#2020-08-21 04:07:08: Finaliza sesion cron UpdateMasterCalendar
#2020-08-21 05:07:06: Empieza nicappcronoMaintenance
#2020-08-21 05:07:06: Fichero log: /var/www/nic-www.com/datos/web/wp-content/plugins/nicappcrono/logs/nicappcrono-log-2020-08-19.log -> 19-08-2020 23:05:44
#2020-08-21 05:07:06: Fichero log: /var/www/nic-www.com/datos/web/wp-content/plugins/nicappcrono/logs/nicappcrono-log-2020-08-20.log -> 20-08-2020 23:20:07
#2020-08-21 05:07:06: Fichero log: /var/www/nic-www.com/datos/web/wp-content/plugins/nicappcrono/logs/nicappcrono-log-2020-08-21.log -> 21-08-2020 05:07:06
#2020-08-21 05:07:06: Finaliza nicappcronoMaintenance
#2020-08-21 05:07:06: Empieza sesion cron UpdateMasterCalendar
#2020-08-21 05:07:07: Calendario $postID: 4997
#2020-08-21 05:07:08: CreateMasterEvents evento no existente 2020-08-22T08:30:00Z -> 2020-08-22T09:20:00Z
#2020-08-21 05:07:08: Calendario $postID: 4998
#2020-08-21 05:07:09: Finaliza sesion cron UpdateMasterCalendar
#2020-08-21 06:07:05: Empieza nicappcronoMaintenance
#2020-08-21 06:07:05: Fichero log: /var/www/nic-www.com/datos/web/wp-content/plugins/nicappcrono/logs/nicappcrono-log-2020-08-19.log -> 19-08-2020 23:05:44
#2020-08-21 06:07:05: Fichero log: /var/www/nic-www.com/datos/web/wp-content/plugins/nicappcrono/logs/nicappcrono-log-2020-08-20.log -> 20-08-2020 23:20:07
#2020-08-21 06:07:05: Fichero log: /var/www/nic-www.com/datos/web/wp-content/plugins/nicappcrono/logs/nicappcrono-log-2020-08-21.log -> 21-08-2020 06:07:05
#2020-08-21 06:07:05: Finaliza nicappcronoMaintenance
#2020-08-21 06:07:05: Empieza sesion cron UpdateMasterCalendar
#2020-08-21 06:07:06: Calendario $postID: 4997
#2020-08-21 06:07:07: CreateMasterEvents evento no existente 2020-08-22T08:30:00Z -> 2020-08-22T09:20:00Z
#2020-08-21 06:07:07: Calendario $postID: 4998
#2020-08-21 06:07:08: Finaliza sesion cron UpdateMasterCalendar
#2020-08-21 07:07:06: Empieza nicappcronoMaintenance
#2020-08-21 07:07:06: Fichero log: /var/www/nic-www.com/datos/web/wp-content/plugins/nicappcrono/logs/nicappcrono-log-2020-08-19.log -> 19-08-2020 23:05:44
#2020-08-21 07:07:06: Fichero log: /var/www/nic-www.com/datos/web/wp-content/plugins/nicappcrono/logs/nicappcrono-log-2020-08-20.log -> 20-08-2020 23:20:07
#2020-08-21 07:07:06: Fichero log: /var/www/nic-www.com/datos/web/wp-content/plugins/nicappcrono/logs/nicappcrono-log-2020-08-21.log -> 21-08-2020 07:07:06
#2020-08-21 07:07:06: Finaliza nicappcronoMaintenance
#2020-08-21 07:07:06: Empieza sesion cron UpdateMasterCalendar
#2020-08-21 07:07:07: Calendario $postID: 4998
#2020-08-21 07:07:08: Calendario $postID: 4997
#2020-08-21 07:07:09: CreateMasterEvents evento no existente 2020-08-22T08:30:00Z -> 2020-08-22T09:20:00Z
#2020-08-21 07:07:09: Finaliza sesion cron UpdateMasterCalendar
#2020-08-21 08:07:05: Empieza nicappcronoMaintenance
#2020-08-21 08:07:05: Fichero log: /var/www/nic-www.com/datos/web/wp-content/plugins/nicappcrono/logs/nicappcrono-log-2020-08-19.log -> 19-08-2020 23:05:44
#2020-08-21 08:07:05: Fichero log: /var/www/nic-www.com/datos/web/wp-content/plugins/nicappcrono/logs/nicappcrono-log-2020-08-20.log -> 20-08-2020 23:20:07
#2020-08-21 08:07:05: Fichero log: /var/www/nic-www.com/datos/web/wp-content/plugins/nicappcrono/logs/nicappcrono-log-2020-08-21.log -> 21-08-2020 08:07:05
#2020-08-21 08:07:05: Finaliza nicappcronoMaintenance
#2020-08-21 08:07:05: Empieza sesion cron UpdateMasterCalendar
#2020-08-21 08:07:06: Calendario $postID: 4998
#2020-08-21 08:07:07: Calendario $postID: 4997
#2020-08-21 08:07:08: CreateMasterEvents evento no existente 2020-08-22T08:30:00Z -> 2020-08-22T09:20:00Z
#2020-08-21 08:07:08: Finaliza sesion cron UpdateMasterCalendar
#2020-08-21 09:07:06: Empieza nicappcronoMaintenance
#2020-08-21 09:07:06: Fichero log: /var/www/nic-www.com/datos/web/wp-content/plugins/nicappcrono/logs/nicappcrono-log-2020-08-19.log -> 19-08-2020 23:05:44
#2020-08-21 09:07:06: Fichero log: /var/www/nic-www.com/datos/web/wp-content/plugins/nicappcrono/logs/nicappcrono-log-2020-08-20.log -> 20-08-2020 23:20:07
#2020-08-21 09:07:06: Fichero log: /var/www/nic-www.com/datos/web/wp-content/plugins/nicappcrono/logs/nicappcrono-log-2020-08-21.log -> 21-08-2020 09:07:06
#2020-08-21 09:07:06: Finaliza nicappcronoMaintenance
#2020-08-21 09:07:06: Empieza sesion cron UpdateMasterCalendar
#2020-08-21 09:07:07: Calendario $postID: 4997
#2020-08-21 09:07:08: CreateMasterEvents evento no existente 2020-08-22T08:30:00Z -> 2020-08-22T09:20:00Z
#2020-08-21 09:07:08: Calendario $postID: 4998
#2020-08-21 09:07:08: Finaliza sesion cron UpdateMasterCalendar
#2020-08-21 09:39:34: Empieza nicappcronoMaintenance
#2020-08-21 09:39:34: Fichero log: /var/www/nic-www.com/datos/web/wp-content/plugins/nicappcrono/logs/nicappcrono-log-2020-08-19.log -> 19-08-2020 23:05:44
#2020-08-21 09:39:34: Fichero log: /var/www/nic-www.com/datos/web/wp-content/plugins/nicappcrono/logs/nicappcrono-log-2020-08-20.log -> 20-08-2020 23:20:07
#2020-08-21 09:39:34: Fichero log: /var/www/nic-www.com/datos/web/wp-content/plugins/nicappcrono/logs/nicappcrono-log-2020-08-21.log -> 21-08-2020 09:39:34
#2020-08-21 09:39:34: Finaliza nicappcronoMaintenance
#2020-08-21 09:39:34: Empieza sesion cron UpdateMasterCalendar
#2020-08-21 09:39:34: Calendario $postID: 4998
#2020-08-21 09:39:35: Calendario $postID: 4997
#2020-08-21 09:39:36: CreateMasterEvents evento no existente 2020-08-22T08:30:00Z -> 2020-08-22T09:20:00Z
#2020-08-21 09:39:36: Finaliza sesion cron UpdateMasterCalendar
#2020-08-21 09:45:07: Empieza nicappcronoMaintenance
#2020-08-21 09:45:07: Fichero log: /var/www/nic-www.com/datos/web/wp-content/plugins/nicappcrono/logs/nicappcrono-log-2020-08-19.log -> 19-08-2020 23:05:44
#2020-08-21 09:45:07: Fichero log: /var/www/nic-www.com/datos/web/wp-content/plugins/nicappcrono/logs/nicappcrono-log-2020-08-20.log -> 20-08-2020 23:20:07
#2020-08-21 09:45:07: Fichero log: /var/www/nic-www.com/datos/web/wp-content/plugins/nicappcrono/logs/nicappcrono-log-2020-08-21.log -> 21-08-2020 09:45:07
#2020-08-21 09:45:07: Finaliza nicappcronoMaintenance
#2020-08-21 09:45:07: Empieza sesion cron UpdateMasterCalendar
#2020-08-21 09:45:08: Calendario $postID: 4998
#2020-08-21 09:45:08: Calendario $postID: 4997
#2020-08-21 09:45:09: CreateMasterEvents evento no existente 2020-08-22T08:30:00Z -> 2020-08-22T09:20:00Z
#2020-08-21 09:45:09: CreateEvent  $args["start"]: 2020-08-22T08:30:00Z $args["end"] 2020-08-22T09:20:00Z $args["postID"] 4997
#2020-08-21 09:45:11: CreateEvent evento creado nicappcrono-4997-2020-08-22T08:30:00Z-2020-08-22T09:20:00Z
#2020-08-21 09:45:11: Finaliza sesion cron UpdateMasterCalendar
#2020-08-21 09:50:10: Empieza nicappcronoMaintenance
#2020-08-21 09:50:10: Fichero log: /var/www/nic-www.com/datos/web/wp-content/plugins/nicappcrono/logs/nicappcrono-log-2020-08-19.log -> 19-08-2020 23:05:44
#2020-08-21 09:50:10: Fichero log: /var/www/nic-www.com/datos/web/wp-content/plugins/nicappcrono/logs/nicappcrono-log-2020-08-20.log -> 20-08-2020 23:20:07
#2020-08-21 09:50:10: Fichero log: /var/www/nic-www.com/datos/web/wp-content/plugins/nicappcrono/logs/nicappcrono-log-2020-08-21.log -> 21-08-2020 09:50:10
#2020-08-21 09:50:10: Finaliza nicappcronoMaintenance
#2020-08-21 09:50:10: Empieza sesion cron UpdateMasterCalendar
#2020-08-21 09:50:11: Calendario $postID: 4998
#2020-08-21 09:50:12: Calendario $postID: 4997
#2020-08-21 09:50:12: CreateMasterEvents $masterevent["event_uid"] 
#2020-08-21 09:50:12: Finaliza sesion cron UpdateMasterCalendar
#2020-08-21 09:51:26: Empieza nicappcronoMaintenance
#2020-08-21 09:51:26: Fichero log: /var/www/nic-www.com/datos/web/wp-content/plugins/nicappcrono/logs/nicappcrono-log-2020-08-19.log -> 19-08-2020 23:05:44
#2020-08-21 09:51:26: Fichero log: /var/www/nic-www.com/datos/web/wp-content/plugins/nicappcrono/logs/nicappcrono-log-2020-08-20.log -> 20-08-2020 23:20:07
#2020-08-21 09:51:26: Fichero log: /var/www/nic-www.com/datos/web/wp-content/plugins/nicappcrono/logs/nicappcrono-log-2020-08-21.log -> 21-08-2020 09:51:26
#2020-08-21 09:51:26: Finaliza nicappcronoMaintenance
#2020-08-21 09:51:26: Empieza sesion cron UpdateMasterCalendar
#2020-08-21 09:51:27: Calendario $postID: 4997
#2020-08-21 09:51:28: CreateMasterEvents $masterevent["event_uid"] evt_partner_5f3f7b86aac4f84c681a4894
#2020-08-21 09:51:28: Calendario $postID: 4998
#2020-08-21 09:51:29: Finaliza sesion cron UpdateMasterCalendar
#2020-08-21 10:05:35: Empieza nicappcronoMaintenance
#2020-08-21 10:05:35: Fichero log: /var/www/nic-www.com/datos/web/wp-content/plugins/nicappcrono/logs/nicappcrono-log-2020-08-19.log -> 19-08-2020 23:05:44
#2020-08-21 10:05:35: Fichero log: /var/www/nic-www.com/datos/web/wp-content/plugins/nicappcrono/logs/nicappcrono-log-2020-08-20.log -> 20-08-2020 23:20:07
#2020-08-21 10:05:35: Fichero log: /var/www/nic-www.com/datos/web/wp-content/plugins/nicappcrono/logs/nicappcrono-log-2020-08-21.log -> 21-08-2020 10:05:35
#2020-08-21 10:05:35: Finaliza nicappcronoMaintenance
#2020-08-21 10:05:35: Empieza sesion cron UpdateMasterCalendar
#2020-08-21 10:05:36: Calendario $postID: 4997
#2020-08-21 10:05:37: CreateMasterEvents $masterevent["event_id"] nicappcrono-4997-2020-08-22T08:30:00Z-2020-08-22T09:20:00Z
#2020-08-21 10:05:37: Calendario $postID: 4998
#2020-08-21 10:05:38: Finaliza sesion cron UpdateMasterCalendar
#2020-08-21 10:09:15: Empieza nicappcronoMaintenance
#2020-08-21 10:09:15: Fichero log: /var/www/nic-www.com/datos/web/wp-content/plugins/nicappcrono/logs/nicappcrono-log-2020-08-19.log -> 19-08-2020 23:05:44
#2020-08-21 10:09:15: Fichero log: /var/www/nic-www.com/datos/web/wp-content/plugins/nicappcrono/logs/nicappcrono-log-2020-08-20.log -> 20-08-2020 23:20:07
#2020-08-21 10:09:15: Fichero log: /var/www/nic-www.com/datos/web/wp-content/plugins/nicappcrono/logs/nicappcrono-log-2020-08-21.log -> 21-08-2020 10:09:15
#2020-08-21 10:09:15: Finaliza nicappcronoMaintenance
#2020-08-21 10:09:15: Empieza sesion cron UpdateMasterCalendar
#2020-08-21 10:09:16: Calendario $postID: 4997
#2020-08-21 10:09:16: CreateMasterEvents evento no existente 2020-08-22T08:30:00Z -> 2020-08-22T09:20:00Z
#2020-08-21 10:09:17: CreateEvent evento creado $eventID=nicappcrono.4997.2020-08-22T08:30:00Z.2020-08-22T09:20:00Z
#2020-08-21 10:09:17: Calendario $postID: 4998
#2020-08-21 10:09:18: Finaliza sesion cron UpdateMasterCalendar
#2020-08-21 11:06:51: Empieza nicappcronoMaintenance
#2020-08-21 11:06:51: Fichero log: /var/www/nic-www.com/datos/web/wp-content/plugins/nicappcrono/logs/nicappcrono-log-2020-08-19.log -> 19-08-2020 23:05:44
#2020-08-21 11:06:51: Fichero log: /var/www/nic-www.com/datos/web/wp-content/plugins/nicappcrono/logs/nicappcrono-log-2020-08-20.log -> 20-08-2020 23:20:07
#2020-08-21 11:06:51: Fichero log: /var/www/nic-www.com/datos/web/wp-content/plugins/nicappcrono/logs/nicappcrono-log-2020-08-21.log -> 21-08-2020 11:06:51
#2020-08-21 11:06:51: Finaliza nicappcronoMaintenance
#2020-08-21 11:06:51: Empieza sesion cron UpdateMasterCalendar
#2020-08-21 11:06:52: Calendario $postID: 4997
#2020-08-21 11:06:54: Calendario $postID: 4998
#2020-08-21 11:06:55: Finaliza sesion cron UpdateMasterCalendar
#2020-08-21 11:29:18: Empieza nicappcronoMaintenance
#2020-08-21 11:29:18: Fichero log: /var/www/nic-www.com/datos/web/wp-content/plugins/nicappcrono/logs/nicappcrono-log-2020-08-19.log -> 19-08-2020 23:05:44
#2020-08-21 11:29:18: Fichero log: /var/www/nic-www.com/datos/web/wp-content/plugins/nicappcrono/logs/nicappcrono-log-2020-08-20.log -> 20-08-2020 23:20:07
#2020-08-21 11:29:18: Fichero log: /var/www/nic-www.com/datos/web/wp-content/plugins/nicappcrono/logs/nicappcrono-log-2020-08-21.log -> 21-08-2020 11:29:18
#2020-08-21 11:29:18: Finaliza nicappcronoMaintenance
#2020-08-21 11:29:18: Empieza sesion cron UpdateMasterCalendar
#2020-08-21 11:29:19: Calendario $postID: 4997
#2020-08-21 11:29:21: Calendario $postID: 4998
#2020-08-21 11:29:22: Finaliza sesion cron UpdateMasterCalendar
#2020-08-21 11:42:19: Empieza nicappcronoMaintenance
#2020-08-21 11:42:19: Fichero log: /var/www/nic-www.com/datos/web/wp-content/plugins/nicappcrono/logs/nicappcrono-log-2020-08-19.log -> 19-08-2020 23:05:44
#2020-08-21 11:42:19: Fichero log: /var/www/nic-www.com/datos/web/wp-content/plugins/nicappcrono/logs/nicappcrono-log-2020-08-20.log -> 20-08-2020 23:20:07
#2020-08-21 11:42:19: Fichero log: /var/www/nic-www.com/datos/web/wp-content/plugins/nicappcrono/logs/nicappcrono-log-2020-08-21.log -> 21-08-2020 11:42:19
#2020-08-21 11:42:19: Finaliza nicappcronoMaintenance
#2020-08-21 11:42:19: Empieza sesion cron UpdateMasterCalendar
#2020-08-21 11:42:20: Calendario $postID: 4998
#2020-08-21 11:42:21: CreateMasterEvents evento no existente 2020-08-28T10:00:00Z -> 2020-08-28T10:50:00Z
#2020-08-21 11:42:22: CreateEvent evento creado nicappcrono.4998.2020-08-28T10:00:00Z.2020-08-28T10:50:00Z
#2020-08-21 11:42:22: Calendario $postID: 4997
#2020-08-21 11:42:23: CreateMasterEvents evento no existente 2020-09-11T10:00:00Z -> 2020-09-11T10:50:00Z
#2020-08-21 11:42:24: CreateEvent evento creado nicappcrono.4997.2020-09-11T10:00:00Z.2020-09-11T10:50:00Z
#2020-08-21 11:42:25: Finaliza sesion cron UpdateMasterCalendar
#2020-08-21 12:05:56: Empieza nicappcronoMaintenance
#2020-08-21 12:05:56: Fichero log: /var/www/nic-www.com/datos/web/wp-content/plugins/nicappcrono/logs/nicappcrono-log-2020-08-19.log -> 19-08-2020 23:05:44
#2020-08-21 12:05:56: Fichero log: /var/www/nic-www.com/datos/web/wp-content/plugins/nicappcrono/logs/nicappcrono-log-2020-08-20.log -> 20-08-2020 23:20:07
#2020-08-21 12:05:56: Fichero log: /var/www/nic-www.com/datos/web/wp-content/plugins/nicappcrono/logs/nicappcrono-log-2020-08-21.log -> 21-08-2020 12:05:56
#2020-08-21 12:05:56: Finaliza nicappcronoMaintenance
#2020-08-21 12:05:56: Empieza sesion cron UpdateMasterCalendar
#2020-08-21 12:05:57: Calendario $postID: 4997
#2020-08-21 12:06:00: Calendario $postID: 4998
#2020-08-21 12:06:01: Finaliza sesion cron UpdateMasterCalendar
#2020-08-21 13:09:31: Empieza nicappcronoMaintenance
#2020-08-21 13:09:31: Fichero log: /var/www/nic-www.com/datos/web/wp-content/plugins/nicappcrono/logs/nicappcrono-log-2020-08-19.log -> 19-08-2020 23:05:44
#2020-08-21 13:09:31: Fichero log: /var/www/nic-www.com/datos/web/wp-content/plugins/nicappcrono/logs/nicappcrono-log-2020-08-20.log -> 20-08-2020 23:20:07
#2020-08-21 13:09:31: Fichero log: /var/www/nic-www.com/datos/web/wp-content/plugins/nicappcrono/logs/nicappcrono-log-2020-08-21.log -> 21-08-2020 13:09:31
#2020-08-21 13:09:31: Finaliza nicappcronoMaintenance
#2020-08-21 13:09:31: Empieza sesion cron UpdateMasterCalendar
#2020-08-21 13:09:32: Calendario $postID: 4998
#2020-08-21 13:09:34: Calendario $postID: 4997
#2020-08-21 13:09:36: Finaliza sesion cron UpdateMasterCalendar
#2020-08-21 14:07:00: Empieza nicappcronoMaintenance
#2020-08-21 14:07:00: Fichero log: /var/www/nic-www.com/datos/web/wp-content/plugins/nicappcrono/logs/nicappcrono-log-2020-08-19.log -> 19-08-2020 23:05:44
#2020-08-21 14:07:00: Fichero log: /var/www/nic-www.com/datos/web/wp-content/plugins/nicappcrono/logs/nicappcrono-log-2020-08-20.log -> 20-08-2020 23:20:07
#2020-08-21 14:07:00: Fichero log: /var/www/nic-www.com/datos/web/wp-content/plugins/nicappcrono/logs/nicappcrono-log-2020-08-21.log -> 21-08-2020 14:07:00
#2020-08-21 14:07:00: Finaliza nicappcronoMaintenance
#2020-08-21 14:07:00: Empieza sesion cron UpdateMasterCalendar
#2020-08-21 14:07:01: Calendario $postID: 4998
#2020-08-21 14:07:03: Calendario $postID: 4997
#2020-08-21 14:07:06: Finaliza sesion cron UpdateMasterCalendar
#2020-08-21 14:17:55: Empieza nicappcronoMaintenance
#2020-08-21 14:17:55: Fichero log: /var/www/nic-www.com/datos/web/wp-content/plugins/nicappcrono/logs/nicappcrono-log-2020-08-19.log -> 19-08-2020 23:05:44
#2020-08-21 14:17:55: Fichero log: /var/www/nic-www.com/datos/web/wp-content/plugins/nicappcrono/logs/nicappcrono-log-2020-08-20.log -> 20-08-2020 23:20:07
#2020-08-21 14:17:55: Fichero log: /var/www/nic-www.com/datos/web/wp-content/plugins/nicappcrono/logs/nicappcrono-log-2020-08-21.log -> 21-08-2020 14:17:55
#2020-08-21 14:17:55: Finaliza nicappcronoMaintenance
#2020-08-21 14:17:55: Empieza sesion cron UpdateMasterCalendar
#2020-08-21 14:17:56: Calendario $postID: 4998
#2020-08-21 14:17:58: Calendario $postID: 4997
#2020-08-21 14:18:01: Finaliza sesion cron UpdateMasterCalendar
#2020-08-21 15:10:13: Empieza nicappcronoMaintenance
#2020-08-21 15:10:13: Fichero log: /var/www/nic-www.com/datos/web/wp-content/plugins/nicappcrono/logs/nicappcrono-log-2020-08-19.log -> 19-08-2020 23:05:44
#2020-08-21 15:10:13: Fichero log: /var/www/nic-www.com/datos/web/wp-content/plugins/nicappcrono/logs/nicappcrono-log-2020-08-20.log -> 20-08-2020 23:20:07
#2020-08-21 15:10:13: Fichero log: /var/www/nic-www.com/datos/web/wp-content/plugins/nicappcrono/logs/nicappcrono-log-2020-08-21.log -> 21-08-2020 15:10:13
#2020-08-21 15:10:13: Finaliza nicappcronoMaintenance
#2020-08-21 15:10:13: Empieza sesion cron UpdateMasterCalendar
#2020-08-21 15:10:13: Calendario $postID: 4998
#2020-08-21 15:10:15: Calendario $postID: 4997
#2020-08-21 15:10:18: Finaliza sesion cron UpdateMasterCalendar
#2020-08-21 16:19:32: Empieza nicappcronoMaintenance
#2020-08-21 16:19:32: Fichero log: /var/www/nic-www.com/datos/web/wp-content/plugins/nicappcrono/logs/nicappcrono-log-2020-08-19.log -> 19-08-2020 23:05:44
#2020-08-21 16:19:32: Fichero log: /var/www/nic-www.com/datos/web/wp-content/plugins/nicappcrono/logs/nicappcrono-log-2020-08-20.log -> 20-08-2020 23:20:07
#2020-08-21 16:19:32: Fichero log: /var/www/nic-www.com/datos/web/wp-content/plugins/nicappcrono/logs/nicappcrono-log-2020-08-21.log -> 21-08-2020 16:19:32
#2020-08-21 16:19:32: Finaliza nicappcronoMaintenance
#2020-08-21 16:19:32: Empieza sesion cron UpdateMasterCalendar
#2020-08-21 16:19:33: Calendario $postID: 4997
#2020-08-21 16:19:36: Calendario $postID: 4998
#2020-08-21 16:19:38: Finaliza sesion cron UpdateMasterCalendar
#2020-08-21 17:12:27: Empieza nicappcronoMaintenance
#2020-08-21 17:12:27: Fichero log: /var/www/nic-www.com/datos/web/wp-content/plugins/nicappcrono/logs/nicappcrono-log-2020-08-19.log -> 19-08-2020 23:05:44
#2020-08-21 17:12:27: Fichero log: /var/www/nic-www.com/datos/web/wp-content/plugins/nicappcrono/logs/nicappcrono-log-2020-08-20.log -> 20-08-2020 23:20:07
#2020-08-21 17:12:27: Fichero log: /var/www/nic-www.com/datos/web/wp-content/plugins/nicappcrono/logs/nicappcrono-log-2020-08-21.log -> 21-08-2020 17:12:27
#2020-08-21 17:12:27: Finaliza nicappcronoMaintenance
#2020-08-21 17:12:27: Empieza sesion cron UpdateMasterCalendar
#2020-08-21 17:12:28: Calendario $postID: 4998
#2020-08-21 17:12:30: Calendario $postID: 4997
#2020-08-21 17:12:33: Finaliza sesion cron UpdateMasterCalendar
#2020-08-21 18:07:40: Empieza nicappcronoMaintenance
#2020-08-21 18:07:40: Fichero log: /var/www/nic-www.com/datos/web/wp-content/plugins/nicappcrono/logs/nicappcrono-log-2020-08-19.log -> 19-08-2020 23:05:44
#2020-08-21 18:07:40: Fichero log: /var/www/nic-www.com/datos/web/wp-content/plugins/nicappcrono/logs/nicappcrono-log-2020-08-20.log -> 20-08-2020 23:20:07
#2020-08-21 18:07:40: Fichero log: /var/www/nic-www.com/datos/web/wp-content/plugins/nicappcrono/logs/nicappcrono-log-2020-08-21.log -> 21-08-2020 18:07:40
#2020-08-21 18:07:40: Finaliza nicappcronoMaintenance
#2020-08-21 18:07:40: Empieza sesion cron UpdateMasterCalendar
#2020-08-21 18:07:41: Calendario $postID: 4997
#2020-08-21 18:07:43: Calendario $postID: 4998
#2020-08-21 18:07:45: Finaliza sesion cron UpdateMasterCalendar
#2020-08-21 19:20:05: Empieza nicappcronoMaintenance
#2020-08-21 19:20:05: Fichero log: /var/www/nic-www.com/datos/web/wp-content/plugins/nicappcrono/logs/nicappcrono-log-2020-08-19.log -> 19-08-2020 23:05:44
#2020-08-21 19:20:05: Fichero log: /var/www/nic-www.com/datos/web/wp-content/plugins/nicappcrono/logs/nicappcrono-log-2020-08-20.log -> 20-08-2020 23:20:07
#2020-08-21 19:20:05: Fichero log: /var/www/nic-www.com/datos/web/wp-content/plugins/nicappcrono/logs/nicappcrono-log-2020-08-21.log -> 21-08-2020 19:20:05
#2020-08-21 19:20:05: Finaliza nicappcronoMaintenance
#2020-08-21 19:20:05: Empieza sesion cron UpdateMasterCalendar
#2020-08-21 19:20:06: Calendario $postID: 4997
#2020-08-21 19:20:09: Calendario $postID: 4998
#2020-08-21 19:20:11: Finaliza sesion cron UpdateMasterCalendar
#2020-08-21 20:20:04: Empieza nicappcronoMaintenance
#2020-08-21 20:20:04: Fichero log: /var/www/nic-www.com/datos/web/wp-content/plugins/nicappcrono/logs/nicappcrono-log-2020-08-19.log -> 19-08-2020 23:05:44
#2020-08-21 20:20:04: Fichero log: /var/www/nic-www.com/datos/web/wp-content/plugins/nicappcrono/logs/nicappcrono-log-2020-08-20.log -> 20-08-2020 23:20:07
#2020-08-21 20:20:04: Fichero log: /var/www/nic-www.com/datos/web/wp-content/plugins/nicappcrono/logs/nicappcrono-log-2020-08-21.log -> 21-08-2020 20:20:04
#2020-08-21 20:20:04: Finaliza nicappcronoMaintenance
#2020-08-21 20:20:04: Empieza sesion cron UpdateMasterCalendar
#2020-08-21 20:20:05: Calendario $postID: 4998
#2020-08-21 20:20:07: Calendario $postID: 4997
#2020-08-21 20:20:10: Finaliza sesion cron UpdateMasterCalendar
#2020-08-21 21:05:53: Empieza nicappcronoMaintenance
#2020-08-21 21:05:53: Fichero log: /var/www/nic-www.com/datos/web/wp-content/plugins/nicappcrono/logs/nicappcrono-log-2020-08-19.log -> 19-08-2020 23:05:44
#2020-08-21 21:05:53: Fichero log: /var/www/nic-www.com/datos/web/wp-content/plugins/nicappcrono/logs/nicappcrono-log-2020-08-20.log -> 20-08-2020 23:20:07
#2020-08-21 21:05:53: Fichero log: /var/www/nic-www.com/datos/web/wp-content/plugins/nicappcrono/logs/nicappcrono-log-2020-08-21.log -> 21-08-2020 21:05:53
#2020-08-21 21:05:53: Finaliza nicappcronoMaintenance
#2020-08-21 21:05:53: Empieza sesion cron UpdateMasterCalendar
#2020-08-21 21:05:54: Calendario $postID: 4997
#2020-08-21 21:05:57: Calendario $postID: 4998
#2020-08-21 21:05:59: Finaliza sesion cron UpdateMasterCalendar
#2020-08-21 22:07:07: Empieza nicappcronoMaintenance
#2020-08-21 22:07:07: Fichero log: /var/www/nic-www.com/datos/web/wp-content/plugins/nicappcrono/logs/nicappcrono-log-2020-08-19.log -> 19-08-2020 23:05:44
#2020-08-21 22:07:07: Fichero log: /var/www/nic-www.com/datos/web/wp-content/plugins/nicappcrono/logs/nicappcrono-log-2020-08-20.log -> 20-08-2020 23:20:07
#2020-08-21 22:07:07: Fichero log: /var/www/nic-www.com/datos/web/wp-content/plugins/nicappcrono/logs/nicappcrono-log-2020-08-21.log -> 21-08-2020 22:07:07
#2020-08-21 22:07:07: Finaliza nicappcronoMaintenance
#2020-08-21 22:07:07: Empieza sesion cron UpdateMasterCalendar
#2020-08-21 22:07:08: Calendario $postID: 4997
#2020-08-21 22:07:11: Calendario $postID: 4998
#2020-08-21 22:07:13: Finaliza sesion cron UpdateMasterCalendar
#2020-08-21 23:07:07: Empieza nicappcronoMaintenance
#2020-08-21 23:07:07: Fichero log: /var/www/nic-www.com/datos/web/wp-content/plugins/nicappcrono/logs/nicappcrono-log-2020-08-19.log -> 19-08-2020 23:05:44
#2020-08-21 23:07:07: Fichero log: /var/www/nic-www.com/datos/web/wp-content/plugins/nicappcrono/logs/nicappcrono-log-2020-08-20.log -> 20-08-2020 23:20:07
#2020-08-21 23:07:07: Fichero log: /var/www/nic-www.com/datos/web/wp-content/plugins/nicappcrono/logs/nicappcrono-log-2020-08-21.log -> 21-08-2020 23:07:07
#2020-08-21 23:07:07: Finaliza nicappcronoMaintenance
#2020-08-21 23:07:07: Empieza sesion cron UpdateMasterCalendar
#2020-08-21 23:07:08: Calendario $postID: 4997
#2020-08-21 23:07:11: Calendario $postID: 4998
#2020-08-21 23:07:13: Finaliza sesion cron UpdateMasterCalendar
